;;; 
Export: Release 21.0.0.0.0 - Production on Sun Jan 11 10:56:57 2026
Version 21.3.0.0.0

Copyright (c) 1982, 2021, Oracle and/or its affiliates.  All rights reserved.
;;; 
Connected to: Oracle Database 19c Enterprise Edition Release 19.0.0.0.0 - Production
Starting "SYSTEM"."SYS_EXPORT_SCHEMA_01":  system/********@oracle19-config.bsi.qa.regla.cloud:12521/REGLA_DEV_BSI_CONFIG schemas=NTT_APPROVAL,NTT_AUDIT,NTT_CUSTOM_REPORT,NTT_DATA_MANAGENENT,NTT_EMAIL_NOTIFICATION,NTT_FILE_MANAGER,NTT_HANGFIRE,NTT_JOURNAL,NTT_PARAMETER,NTT_PLATFORM_SETTING,NTT_PSAK413_IMPAIRMENT,NTT_RISK_MODELLING,NTT_USER,NTT_WORKFLOW,REGLAAPPS directory=DATA_PUMP_DIR dumpfile=PSAK413_CONFIG_11012026_V1.dmp logfile=PSAK413_CONFIG_11012026_V1.log content=ALL 
Processing object type SCHEMA_EXPORT/TABLE/TABLE_DATA
Processing object type SCHEMA_EXPORT/TABLE/INDEX/STATISTICS/INDEX_STATISTICS
Processing object type SCHEMA_EXPORT/TABLE/STATISTICS/TABLE_STATISTICS
Processing object type SCHEMA_EXPORT/STATISTICS/MARKER
Processing object type SCHEMA_EXPORT/USER
Processing object type SCHEMA_EXPORT/SYSTEM_GRANT
Processing object type SCHEMA_EXPORT/ROLE_GRANT
Processing object type SCHEMA_EXPORT/DEFAULT_ROLE
Processing object type SCHEMA_EXPORT/TABLESPACE_QUOTA
Processing object type SCHEMA_EXPORT/PRE_SCHEMA/PROCACT_SCHEMA
Processing object type SCHEMA_EXPORT/SYNONYM/SYNONYM
Processing object type SCHEMA_EXPORT/SEQUENCE/SEQUENCE
Processing object type SCHEMA_EXPORT/TABLE/TABLE
Processing object type SCHEMA_EXPORT/TABLE/GRANT/OWNER_GRANT/OBJECT_GRANT
Processing object type SCHEMA_EXPORT/TABLE/IDENTITY_COLUMN
Processing object type SCHEMA_EXPORT/VIEW/VIEW
Processing object type SCHEMA_EXPORT/TABLE/INDEX/INDEX
Processing object type SCHEMA_EXPORT/TABLE/CONSTRAINT/CONSTRAINT
Processing object type SCHEMA_EXPORT/TABLE/CONSTRAINT/REF_CONSTRAINT
. . exported "NTT_USER"."UsrScreenMapColumn"             162.9 KB    1474 rows
. . exported "NTT_PARAMETER"."GlobalMessage"             155.1 KB    1112 rows
. . exported "NTT_PSAK413_IMPAIRMENT"."Segmentation"     141.8 KB     112 rows
. . exported "NTT_EMAIL_NOTIFICATION"."MstEmailTemplate"  127.0 KB      43 rows
. . exported "NTT_PARAMETER"."MstApiManagementDetail"    109.7 KB    1165 rows
. . exported "NTT_USER"."UsrStandardView"                95.47 KB     182 rows
. . exported "NTT_USER"."UsrCustomViewFieldPropertyMap"  70.64 KB     503 rows
. . exported "NTT_PARAMETER"."MstConfigApi"              67.70 KB     260 rows
. . exported "NTT_USER"."UsrScreenDynamicForm"           67.55 KB     533 rows
. . exported "NTT_USER"."UsrScreenPermissionButton"      63.86 KB     542 rows
. . exported "NTT_PARAMETER"."MstFieldPropertyMap"       58.10 KB     312 rows
. . exported "NTT_USER"."UsrScreenLanguage"              56.62 KB     250 rows
. . exported "NTT_PARAMETER"."MstLookUpData"             54.05 KB     411 rows
. . exported "NTT_PSAK413_IMPAIRMENT"."SegmentationMapping"  51.32 KB      30 rows
. . exported "NTT_PARAMETER"."MstProduct"                48.60 KB     248 rows
. . exported "NTT_EMAIL_NOTIFICATION"."MstNotificationTemplate"  44.52 KB      41 rows
. . exported "NTT_RISK_MODELLING"."FieldMappings"        44.39 KB     336 rows
. . exported "NTT_USER"."UsrLogonActivity"               38.59 KB      34 rows
. . exported "NTT_USER"."UsrScreen"                      40.01 KB     127 rows
. . exported "NTT_USER"."UsrSecPrivilege"                39.04 KB     191 rows
. . exported "NTT_PARAMETER"."MstConfigParams"           50.82 KB     138 rows
. . exported "NTT_CUSTOM_REPORT"."MstConfigParams"          27 KB      34 rows
. . exported "NTT_PSAK413_IMPAIRMENT"."SegmentationConditions"  29.26 KB      94 rows
. . exported "NTT_USER"."UsrSecPrivilegePreDefine"       27.14 KB      90 rows
. . exported "NTT_WORKFLOW"."WorkflowPropertiesDraft"    26.22 KB      96 rows
. . exported "NTT_PSAK413_IMPAIRMENT"."SyncParameterMstLookUpData"  25.16 KB     105 rows
. . exported "NTT_PARAMETER"."MstApiManagement"          24.70 KB      52 rows
. . exported "NTT_WORKFLOW"."WorkflowProperties"         25.14 KB      89 rows
. . exported "NTT_WORKFLOW"."MstWorkflowTemplateProperties"  25.08 KB      89 rows
. . exported "NTT_USER"."UsrScreenMapControllerApps"     23.95 KB     126 rows
. . exported "NTT_USER"."UsrUser"                        23.86 KB       1 rows
. . exported "NTT_PSAK413_IMPAIRMENT"."EadConfiguration"  21.85 KB       1 rows
. . exported "NTT_WORKFLOW"."WorkflowSimulationDetail"   20.85 KB      14 rows
. . exported "NTT_PSAK413_IMPAIRMENT"."PdConfiguration"  19.88 KB       2 rows
. . exported "NTT_PSAK413_IMPAIRMENT"."Staging"          18.35 KB      18 rows
. . exported "NTT_RISK_MODELLING"."TableMappings"        18.58 KB      44 rows
. . exported "NTT_WORKFLOW"."WorkflowDetailDraft"        18.16 KB      17 rows
. . exported "NTT_WORKFLOW"."WorkflowDetail"             17.77 KB      14 rows
. . exported "NTT_WORKFLOW"."MstWorkflowTemplateDetail"  17.78 KB      14 rows
. . exported "NTT_PLATFORM_SETTING"."AccountActiveUser"  17.27 KB       1 rows
. . exported "NTT_USER"."UsrOrg"                         16.70 KB       2 rows
. . exported "NTT_PARAMETER"."CommonCodeDetailDynamicData"  16.49 KB      14 rows
. . exported "NTT_PSAK413_IMPAIRMENT"."EilEadModel"      16.39 KB       4 rows
. . exported "NTT_JOURNAL"."GlGroupConfiguration"        15.67 KB       2 rows
. . exported "NTT_FILE_MANAGER"."Files"                  15.60 KB       7 rows
. . exported "NTT_PARAMETER"."MstConnectionString"       15.51 KB       4 rows
. . exported "NTT_JOURNAL"."GlGroupConfigurationConditions"  15.58 KB       4 rows
. . exported "NTT_WORKFLOW"."WorkflowStepDraft"          15.42 KB       6 rows
. . exported "NTT_PARAMETER"."GeneralApplicationSetting"  15.64 KB       1 rows
. . exported "NTT_USER"."UsrApplication"                 14.80 KB       9 rows
. . exported "NTT_PSAK413_IMPAIRMENT"."LgdConfiguration"  15.23 KB       2 rows
. . exported "NTT_FILE_MANAGER"."Directories"            15.14 KB       7 rows
. . exported "NTT_PARAMETER"."ProductConfiguration"      15.05 KB       2 rows
. . exported "NTT_WORKFLOW"."WorkflowStep"               14.75 KB       4 rows
. . exported "NTT_PARAMETER"."MstOperator"               14.32 KB      62 rows
. . exported "NTT_PARAMETER"."MstExchangeRate"           14.48 KB       2 rows
. . exported "NTT_PSAK413_IMPAIRMENT"."IndividualAssessmentConfigurationConditions"  14.64 KB       6 rows
. . exported "NTT_PSAK413_IMPAIRMENT"."StagingConditions"  14.56 KB       5 rows
. . exported "NTT_PSAK413_IMPAIRMENT"."DefaultCriteriaConditions"  14.56 KB       5 rows
. . exported "NTT_PSAK413_IMPAIRMENT"."EilPdModel"       14.51 KB       4 rows
. . exported "NTT_WORKFLOW"."MstWorkflowChart"           14.26 KB       8 rows
. . exported "NTT_PSAK413_IMPAIRMENT"."DefaultCriteria"  13.96 KB       2 rows
. . exported "NTT_PARAMETER"."CommonCodeSetting"         14.20 KB       3 rows
. . exported "NTT_WORKFLOW"."WorkflowHeaderDraft"        14.35 KB       3 rows
. . exported "NTT_APPROVAL"."SyncParameterMstLookUpData"  14.04 KB      18 rows
. . exported "NTT_WORKFLOW"."WorkflowHeader"             14.29 KB       3 rows
. . exported "NTT_USER"."UsrReportTo"                    14.19 KB       2 rows
. . exported "NTT_PSAK413_IMPAIRMENT"."EilLgdModel"      14.08 KB       4 rows
. . exported "NTT_PSAK413_IMPAIRMENT"."IndividualAssessmentConfiguration"  13.76 KB       1 rows
. . exported "NTT_PSAK413_IMPAIRMENT"."LifetimeConfiguration"  13.60 KB       1 rows
. . exported "NTT_JOURNAL"."JournalParameter"            13.59 KB       1 rows
. . exported "NTT_WORKFLOW"."WorkflowSimulationHeader"   13.56 KB       4 rows
. . exported "NTT_PSAK413_IMPAIRMENT"."GroupBucket"      13.23 KB       2 rows
. . exported "NTT_PARAMETER"."MstTableName"              13.35 KB       3 rows
. . exported "NTT_EMAIL_NOTIFICATION"."MstEmailTemplateImageUrl"  12.94 KB      26 rows
. . exported "NTT_PSAK413_IMPAIRMENT"."GroupBucketDetail"  13.19 KB       7 rows
. . exported "NTT_PARAMETER"."MstHoliday"                12.87 KB       3 rows
. . exported "NTT_CUSTOM_REPORT"."MstOperatorReport"     12.72 KB      34 rows
. . exported "NTT_PARAMETER"."CommonCodeDetailSetting"   12.65 KB       3 rows
. . exported "NTT_PARAMETER"."PrcDateDetail"             12.66 KB       2 rows
. . exported "NTT_PARAMETER"."PrcDateHistory"            12.67 KB       2 rows
. . exported "NTT_PARAMETER"."BusinessSettingIndividualAssessment"  12.81 KB       1 rows
. . exported "NTT_PSAK413_IMPAIRMENT"."EilPortfolio"     12.62 KB       4 rows
. . exported "NTT_USER"."UsrSecurityRole"                12.53 KB       4 rows
. . exported "NTT_USER"."UsrSecurityRolePreDefine"       12.36 KB       3 rows
. . exported "NTT_PSAK413_IMPAIRMENT"."EilConfiguration"  12.26 KB       1 rows
. . exported "NTT_PARAMETER"."MstTableProperty"          12.14 KB       6 rows
. . exported "NTT_WORKFLOW"."MstWorkflowTemplateStep"    12.28 KB       1 rows
. . exported "NTT_PARAMETER"."MstCurrency"               11.97 KB       4 rows
. . exported "NTT_PARAMETER"."MstCountry"                11.84 KB       2 rows
. . exported "NTT_PARAMETER"."CommonCodeDetailColumnMapping"  11.82 KB       2 rows
. . exported "NTT_PARAMETER"."PrcDate"                   11.67 KB       1 rows
. . exported "NTT_WORKFLOW"."MstWorkflowTemplateHeader"  11.75 KB       1 rows
. . exported "NTT_USER"."UsrTeam"                        11.71 KB       1 rows
. . exported "NTT_WORKFLOW"."MstWorkflowType"            11.48 KB       4 rows
. . exported "NTT_PLATFORM_SETTING"."SubscriptionManagement"  11.33 KB       1 rows
. . exported "NTT_CUSTOM_REPORT"."MstThumbnail"          11.25 KB       6 rows
. . exported "NTT_PARAMETER"."ProductConfigurationDetail"  10.95 KB       2 rows
. . exported "NTT_PLATFORM_SETTING"."AccountActiveUserDetail"  10.85 KB       1 rows
. . exported "NTT_USER"."UsrChatbotSetting"              10.64 KB       2 rows
. . exported "NTT_USER"."UsrSecurityRoleUser"            10.57 KB       3 rows
. . exported "NTT_PARAMETER"."MstDataType"               10.39 KB      12 rows
. . exported "NTT_USER"."UsrSecurityRoleTeam"            10.40 KB       1 rows
. . exported "NTT_USER"."UsrUserTeam"                    10.39 KB       1 rows
. . exported "NTT_CUSTOM_REPORT"."MstDataTypeReport"     10.10 KB       5 rows
. . exported "NTT_APPROVAL"."Approval"                       0 KB       0 rows
. . exported "NTT_APPROVAL"."ApprovalConfiguration"          0 KB       0 rows
. . exported "NTT_APPROVAL"."ApprovalConfigurationCriteria"      0 KB       0 rows
. . exported "NTT_APPROVAL"."ApprovalConfigurationGroupHeader"      0 KB       0 rows
. . exported "NTT_APPROVAL"."ApprovalConfigurationSequence"      0 KB       0 rows
. . exported "NTT_APPROVAL"."ApprovalDetail"                 0 KB       0 rows
. . exported "NTT_APPROVAL"."SyncUserUsrOrg"                 0 KB       0 rows
. . exported "NTT_APPROVAL"."SyncUserUsrTeam"                0 KB       0 rows
. . exported "NTT_APPROVAL"."SyncUserUsrUser"                0 KB       0 rows
. . exported "NTT_AUDIT"."ActivityLog"                       0 KB       0 rows
. . exported "NTT_AUDIT"."DatabaseQueriesLog"                0 KB       0 rows
. . exported "NTT_AUDIT"."EmailLogs"                         0 KB       0 rows
. . exported "NTT_AUDIT"."ErrorLogs"                         0 KB       0 rows
. . exported "NTT_AUDIT"."IntegrationLogs"                   0 KB       0 rows
. . exported "NTT_AUDIT"."ModifiedProperties"                0 KB       0 rows
. . exported "NTT_CUSTOM_REPORT"."DIColumn"                  0 KB       0 rows
. . exported "NTT_CUSTOM_REPORT"."DIHeader"                  0 KB       0 rows
. . exported "NTT_CUSTOM_REPORT"."DITable"                   0 KB       0 rows
. . exported "NTT_CUSTOM_REPORT"."DataSourceColumn"          0 KB       0 rows
. . exported "NTT_CUSTOM_REPORT"."DataSourceHeader"          0 KB       0 rows
. . exported "NTT_CUSTOM_REPORT"."DataSourceOrder"           0 KB       0 rows
. . exported "NTT_CUSTOM_REPORT"."DataSourceTable"           0 KB       0 rows
. . exported "NTT_CUSTOM_REPORT"."JoinCondition"             0 KB       0 rows
. . exported "NTT_CUSTOM_REPORT"."LogCustomReportDetail"      0 KB       0 rows
. . exported "NTT_CUSTOM_REPORT"."LogCustomReportHeader"      0 KB       0 rows
. . exported "NTT_CUSTOM_REPORT"."LogReportConfigDetail"      0 KB       0 rows
. . exported "NTT_CUSTOM_REPORT"."LogReportConfigResult"      0 KB       0 rows
. . exported "NTT_CUSTOM_REPORT"."MstLanguangeResource"      0 KB       0 rows
. . exported "NTT_CUSTOM_REPORT"."MstReportChart"            0 KB       0 rows
. . exported "NTT_CUSTOM_REPORT"."MstReportFormat"           0 KB       0 rows
. . exported "NTT_CUSTOM_REPORT"."MstReportFormatMetric"      0 KB       0 rows
. . exported "NTT_CUSTOM_REPORT"."MstReportKeyword"          0 KB       0 rows
. . exported "NTT_CUSTOM_REPORT"."MstTableNameHierarchy"      0 KB       0 rows
. . exported "NTT_CUSTOM_REPORT"."MstTableNameHierarchyParameter"      0 KB       0 rows
. . exported "NTT_CUSTOM_REPORT"."MstTableNameHierarchyProperty"      0 KB       0 rows
. . exported "NTT_CUSTOM_REPORT"."ReportConfigurationCommonFilter"      0 KB       0 rows
. . exported "NTT_CUSTOM_REPORT"."ReportConfigurationCustomReport"      0 KB       0 rows
. . exported "NTT_CUSTOM_REPORT"."ReportConfigurationDataSource"      0 KB       0 rows
. . exported "NTT_CUSTOM_REPORT"."ReportConfigurationDataSourceColumn"      0 KB       0 rows
. . exported "NTT_CUSTOM_REPORT"."ReportConfigurationFilterAttribute"      0 KB       0 rows
. . exported "NTT_CUSTOM_REPORT"."ReportConfigurationFilterCommon"      0 KB       0 rows
. . exported "NTT_CUSTOM_REPORT"."ReportConfigurationHeader"      0 KB       0 rows
. . exported "NTT_CUSTOM_REPORT"."ReportConfigurationHierarachy"      0 KB       0 rows
. . exported "NTT_CUSTOM_REPORT"."ReportConfigurationKeyWord"      0 KB       0 rows
. . exported "NTT_CUSTOM_REPORT"."ReportConfigurationSecRole"      0 KB       0 rows
. . exported "NTT_CUSTOM_REPORT"."ReportConfigurationSection"      0 KB       0 rows
. . exported "NTT_CUSTOM_REPORT"."ReportConfigurationTab"      0 KB       0 rows
. . exported "NTT_CUSTOM_REPORT"."ReportConfigurationTeam"      0 KB       0 rows
. . exported "NTT_CUSTOM_REPORT"."ReportConfigurationUser"      0 KB       0 rows
. . exported "NTT_CUSTOM_REPORT"."ReportFormatDimension"      0 KB       0 rows
. . exported "NTT_CUSTOM_REPORT"."TmpPivotAndChart"          0 KB       0 rows
. . exported "NTT_DATA_MANAGENENT"."DatabaseList"            0 KB       0 rows
. . exported "NTT_DATA_MANAGENENT"."FdmCurrency"             0 KB       0 rows
. . exported "NTT_DATA_MANAGENENT"."FdmCurrencyHistory"      0 KB       0 rows
. . exported "NTT_DATA_MANAGENENT"."FdmCustomerRating"       0 KB       0 rows
. . exported "NTT_DATA_MANAGENENT"."FdmCustomerRatingHistory"      0 KB       0 rows
. . exported "NTT_DATA_MANAGENENT"."HistoryUpload"           0 KB       0 rows
. . exported "NTT_DATA_MANAGENENT"."HistoryUploadEntities"      0 KB       0 rows
. . exported "NTT_DATA_MANAGENENT"."HistoryUploadLines"      0 KB       0 rows
. . exported "NTT_DATA_MANAGENENT"."ListTableDataManagement"      0 KB       0 rows
. . exported "NTT_DATA_MANAGENENT"."LogDetailReconciliationRule"      0 KB       0 rows
. . exported "NTT_DATA_MANAGENENT"."LogManualUploadDetail"      0 KB       0 rows
. . exported "NTT_DATA_MANAGENENT"."LogManualUploadHeader"      0 KB       0 rows
. . exported "NTT_DATA_MANAGENENT"."LogReconciliationRule"      0 KB       0 rows
. . exported "NTT_DATA_MANAGENENT"."MapFieldTable"           0 KB       0 rows
. . exported "NTT_DATA_MANAGENENT"."ReconciliationAttribute"      0 KB       0 rows
. . exported "NTT_DATA_MANAGENENT"."ReconciliationCondition"      0 KB       0 rows
. . exported "NTT_DATA_MANAGENENT"."ReconciliationDataDefinition"      0 KB       0 rows
. . exported "NTT_DATA_MANAGENENT"."ReconciliationRule"      0 KB       0 rows
. . exported "NTT_DATA_MANAGENENT"."ReconciliationRulesManager"      0 KB       0 rows
. . exported "NTT_DATA_MANAGENENT"."ReconciliationRulesVersion"      0 KB       0 rows
. . exported "NTT_DATA_MANAGENENT"."TempFdmCurrency"         0 KB       0 rows
. . exported "NTT_DATA_MANAGENENT"."TempFdmCustomerRating"      0 KB       0 rows
. . exported "NTT_DATA_MANAGENENT"."TempUploadConfig"        0 KB       0 rows
. . exported "NTT_DATA_MANAGENENT"."TempUploadConfigSecurityRole"      0 KB       0 rows
. . exported "NTT_DATA_MANAGENENT"."TempUploadConfigTemplate"      0 KB       0 rows
. . exported "NTT_DATA_MANAGENENT"."UploadConfig"            0 KB       0 rows
. . exported "NTT_DATA_MANAGENENT"."UploadConfigSecurityRole"      0 KB       0 rows
. . exported "NTT_DATA_MANAGENENT"."UploadConfigTemplate"      0 KB       0 rows
. . exported "NTT_EMAIL_NOTIFICATION"."Email"                0 KB       0 rows
. . exported "NTT_EMAIL_NOTIFICATION"."NotificationMapping"      0 KB       0 rows
. . exported "NTT_EMAIL_NOTIFICATION"."PushNotification"      0 KB       0 rows
. . exported "NTT_EMAIL_NOTIFICATION"."UserNotificationSettings"      0 KB       0 rows
. . exported "NTT_FILE_MANAGER"."DeleteFilesManagement"      0 KB       0 rows
. . exported "NTT_HANGFIRE"."HF_AGGREGATED_COUNTER"          0 KB       0 rows
. . exported "NTT_HANGFIRE"."HF_COUNTER"                     0 KB       0 rows
. . exported "NTT_HANGFIRE"."HF_DISTRIBUTED_LOCK"            0 KB       0 rows
. . exported "NTT_HANGFIRE"."HF_HASH"                        0 KB       0 rows
. . exported "NTT_HANGFIRE"."HF_JOB"                         0 KB       0 rows
. . exported "NTT_HANGFIRE"."HF_JOB_PARAMETER"               0 KB       0 rows
. . exported "NTT_HANGFIRE"."HF_JOB_QUEUE"                   0 KB       0 rows
. . exported "NTT_HANGFIRE"."HF_JOB_STATE"                   0 KB       0 rows
. . exported "NTT_HANGFIRE"."HF_LIST"                        0 KB       0 rows
. . exported "NTT_HANGFIRE"."HF_SERVER"                      0 KB       0 rows
. . exported "NTT_HANGFIRE"."HF_SET"                         0 KB       0 rows
. . exported "NTT_HANGFIRE"."JobConfiguration"               0 KB       0 rows
. . exported "NTT_HANGFIRE"."JobMonitoring"                  0 KB       0 rows
. . exported "NTT_PARAMETER"."DataRetentionPolicy"           0 KB       0 rows
. . exported "NTT_PARAMETER"."TransactionParameter"          0 KB       0 rows
. . exported "NTT_PLATFORM_SETTING"."AccountDetailSecurityRole"      0 KB       0 rows
. . exported "NTT_PSAK413_IMPAIRMENT"."CcfConfiguration"      0 KB       0 rows
. . exported "NTT_PSAK413_IMPAIRMENT"."EilLossRate"          0 KB       0 rows
. . exported "NTT_PSAK413_IMPAIRMENT"."IaCashFlowUpload"      0 KB       0 rows
. . exported "NTT_PSAK413_IMPAIRMENT"."IaCashFlowUploadDetail"      0 KB       0 rows
. . exported "NTT_PSAK413_IMPAIRMENT"."IaCashflowBulkUpload"      0 KB       0 rows
. . exported "NTT_PSAK413_IMPAIRMENT"."IaCashflowBulkUploadDetail"      0 KB       0 rows
. . exported "NTT_PSAK413_IMPAIRMENT"."IaEvidence"           0 KB       0 rows
. . exported "NTT_PSAK413_IMPAIRMENT"."IaOverride"           0 KB       0 rows
. . exported "NTT_PSAK413_IMPAIRMENT"."ImpairmentModelGeneral"      0 KB       0 rows
. . exported "NTT_PSAK413_IMPAIRMENT"."ImpairmentModelGeneralConditions"      0 KB       0 rows
. . exported "NTT_PSAK413_IMPAIRMENT"."IndividualScenarioConfiguration"      0 KB       0 rows
. . exported "NTT_PSAK413_IMPAIRMENT"."IndividualScenarioConfigurationDetail"      0 KB       0 rows
. . exported "NTT_PSAK413_IMPAIRMENT"."LossRateConfiguration"      0 KB       0 rows
. . exported "NTT_PSAK413_IMPAIRMENT"."PrepaymentConfiguration"      0 KB       0 rows
. . exported "NTT_PSAK413_IMPAIRMENT"."UtilizationRateConfiguration"      0 KB       0 rows
. . exported "NTT_RISK_MODELLING"."AdfTestOdr"               0 KB       0 rows
. . exported "NTT_RISK_MODELLING"."AdfTestOdrStd"            0 KB       0 rows
. . exported "NTT_RISK_MODELLING"."AdfTestResult"            0 KB       0 rows
. . exported "NTT_RISK_MODELLING"."ApplicationEngineServices"      0 KB       0 rows
. . exported "NTT_RISK_MODELLING"."BeforeForwardLooking"      0 KB       0 rows
. . exported "NTT_RISK_MODELLING"."DurbinWatsonParam"        0 KB       0 rows
. . exported "NTT_RISK_MODELLING"."ExpectedTrendVariables"      0 KB       0 rows
. . exported "NTT_RISK_MODELLING"."ForecastMevResultFileDetail"      0 KB       0 rows
. . exported "NTT_RISK_MODELLING"."ForwardLookingModel"      0 KB       0 rows
. . exported "NTT_RISK_MODELLING"."ForwardLookingModellingHistoryInput"      0 KB       0 rows
. . exported "NTT_RISK_MODELLING"."ForwardLookingModellingHistoryOutput"      0 KB       0 rows
. . exported "NTT_RISK_MODELLING"."ForwardLookingWorkflowStepDraft"      0 KB       0 rows
. . exported "NTT_RISK_MODELLING"."MeDerivedForcastVar"      0 KB       0 rows
. . exported "NTT_RISK_MODELLING"."MeDerivedVariable"        0 KB       0 rows
. . exported "NTT_RISK_MODELLING"."MevConfiguration"         0 KB       0 rows
. . exported "NTT_RISK_MODELLING"."MevKeywords"              0 KB       0 rows
. . exported "NTT_RISK_MODELLING"."MevRestricted"            0 KB       0 rows
. . exported "NTT_RISK_MODELLING"."MevResultFileDetail"      0 KB       0 rows
. . exported "NTT_RISK_MODELLING"."MevTransformations"       0 KB       0 rows
. . exported "NTT_RISK_MODELLING"."OdrDiffResult"            0 KB       0 rows
. . exported "NTT_RISK_MODELLING"."OdrLogitResult"           0 KB       0 rows
. . exported "NTT_RISK_MODELLING"."OdrResultFileDetail"      0 KB       0 rows
. . exported "NTT_RISK_MODELLING"."OdrStandardizeResult"      0 KB       0 rows
. . exported "NTT_RISK_MODELLING"."OlsRegressionAssumptions"      0 KB       0 rows
. . exported "NTT_RISK_MODELLING"."PdConfiguration"          0 KB       0 rows
. . exported "NTT_RISK_MODELLING"."PdTtcSource"              0 KB       0 rows
. . exported "NTT_RISK_MODELLING"."PearsonFilterDetail"      0 KB       0 rows
. . exported "NTT_RISK_MODELLING"."PyBackTestInsample"       0 KB       0 rows
. . exported "NTT_RISK_MODELLING"."PyBackTestInsampleDetail"      0 KB       0 rows
. . exported "NTT_RISK_MODELLING"."PyBackTestOutsample"      0 KB       0 rows
. . exported "NTT_RISK_MODELLING"."PyBackTestOutsampleDetail"      0 KB       0 rows
. . exported "NTT_RISK_MODELLING"."PyBacktestInSampleDtlPen"      0 KB       0 rows
. . exported "NTT_RISK_MODELLING"."PyBacktestInSamplePen"      0 KB       0 rows
. . exported "NTT_RISK_MODELLING"."PyBacktestOutSampleDtlPen"      0 KB       0 rows
. . exported "NTT_RISK_MODELLING"."PyBacktestOutSamplePen"      0 KB       0 rows
. . exported "NTT_RISK_MODELLING"."PyCummulativePd"          0 KB       0 rows
. . exported "NTT_RISK_MODELLING"."PyExpectedTrend"          0 KB       0 rows
. . exported "NTT_RISK_MODELLING"."PyLinregAssumption"       0 KB       0 rows
. . exported "NTT_RISK_MODELLING"."PyLinregStatsPen"         0 KB       0 rows
. . exported "NTT_RISK_MODELLING"."PyLinregVifDtlPen"        0 KB       0 rows
. . exported "NTT_RISK_MODELLING"."PyMeCleanedVariable"      0 KB       0 rows
. . exported "NTT_RISK_MODELLING"."PyMeDerivedForecastTransform"      0 KB       0 rows
. . exported "NTT_RISK_MODELLING"."PyMeDerivedForecastVariable"      0 KB       0 rows
. . exported "NTT_RISK_MODELLING"."PyMeDerivedVariable"      0 KB       0 rows
. . exported "NTT_RISK_MODELLING"."PyMeForecastVariable"      0 KB       0 rows
. . exported "NTT_RISK_MODELLING"."PyMeModelScenarioPen"      0 KB       0 rows
. . exported "NTT_RISK_MODELLING"."PyMeStandardizedVariable"      0 KB       0 rows
. . exported "NTT_RISK_MODELLING"."PyMevCombination"         0 KB       0 rows
. . exported "NTT_RISK_MODELLING"."PyModelCoefficient"       0 KB       0 rows
. . exported "NTT_RISK_MODELLING"."PyModelDetail"            0 KB       0 rows
. . exported "NTT_RISK_MODELLING"."PyModelFormula"           0 KB       0 rows
. . exported "NTT_RISK_MODELLING"."PyMultLinearRegrCoefPen"      0 KB       0 rows
. . exported "NTT_RISK_MODELLING"."PyMultLinearRegrResultPen"      0 KB       0 rows
. . exported "NTT_RISK_MODELLING"."PyNormInverse"            0 KB       0 rows
. . exported "NTT_RISK_MODELLING"."PyOdrForecast"            0 KB       0 rows
. . exported "NTT_RISK_MODELLING"."PyPdPit"                  0 KB       0 rows
. . exported "NTT_RISK_MODELLING"."PyRiskModelingProcess"      0 KB       0 rows
. . exported "NTT_RISK_MODELLING"."PyScalingFactor"          0 KB       0 rows
. . exported "NTT_RISK_MODELLING"."PyTermStructure"          0 KB       0 rows
. . exported "NTT_RISK_MODELLING"."PyVarianceInflationDetail"      0 KB       0 rows
. . exported "NTT_RISK_MODELLING"."PyWeightingScenario"      0 KB       0 rows
. . exported "NTT_RISK_MODELLING"."ResultFileHeader"         0 KB       0 rows
. . exported "NTT_RISK_MODELLING"."TransformationList"       0 KB       0 rows
. . exported "NTT_RISK_MODELLING"."TransformationVariables"      0 KB       0 rows
. . exported "NTT_RISK_MODELLING"."UnivariateFilterDetail"      0 KB       0 rows
. . exported "NTT_RISK_MODELLING"."VariableClusterDetail"      0 KB       0 rows
. . exported "NTT_RISK_MODELLING"."VariableClusterSummary"      0 KB       0 rows
. . exported "NTT_RISK_MODELLING"."WorkflowDataOutput"       0 KB       0 rows
. . exported "NTT_RISK_MODELLING"."WorkflowResourceTables"      0 KB       0 rows
. . exported "NTT_RISK_MODELLING"."WorkflowResourceVariables"      0 KB       0 rows
. . exported "NTT_RISK_MODELLING"."WorkflowTableOutput"      0 KB       0 rows
. . exported "NTT_USER"."UsrCustomView"                      0 KB       0 rows
. . exported "NTT_USER"."UsrCustomViewMapColumn"             0 KB       0 rows
. . exported "NTT_USER"."UsrPasswordHistory"                 0 KB       0 rows
. . exported "NTT_WORKFLOW"."ConfigurationRunWorkflow"       0 KB       0 rows
. . exported "NTT_WORKFLOW"."MstWorkflowTemplateCustomResourceVariable"      0 KB       0 rows
. . exported "NTT_WORKFLOW"."MstWorkflowTemplateResourceVariables"      0 KB       0 rows
. . exported "NTT_WORKFLOW"."WorkflowCustomResourceVariable"      0 KB       0 rows
. . exported "NTT_WORKFLOW"."WorkflowCustomResourceVariableDraft"      0 KB       0 rows
. . exported "NTT_WORKFLOW"."WorkflowResourceVariables"      0 KB       0 rows
. . exported "NTT_WORKFLOW"."WorkflowResourceVariablesDraft"      0 KB       0 rows
. . exported "NTT_WORKFLOW"."WorkflowRunDetail"              0 KB       0 rows
. . exported "NTT_WORKFLOW"."WorkflowRunHeader"              0 KB       0 rows
. . exported "NTT_WORKFLOW"."WorkflowScheduler"              0 KB       0 rows
. . exported "NTT_WORKFLOW"."WorkflowTablePropertyResult"      0 KB       0 rows
Master table "SYSTEM"."SYS_EXPORT_SCHEMA_01" successfully loaded/unloaded
******************************************************************************
Dump file set for SYSTEM.SYS_EXPORT_SCHEMA_01 is:
  /opt/oracle/admin/REGLADEV/dpdump/47E47F07EC7B0A03E0630202110A299E/PSAK413_CONFIG_11012026_V1.dmp
Job "SYSTEM"."SYS_EXPORT_SCHEMA_01" successfully completed at Sun Jan 11 03:58:02 2026 elapsed 0 00:01:02
