[SUCCESS] C_SP_IFRS_STAGE_BENCANA
[SUCCESS] NITIP_ADAM
[SUCCESS] SP_ADAM_CHECK
[SUCCESS] SP_CEK_PROCESS_RIKO
[SUCCESS] SP_EIL_SEQ
[SUCCESS] SP_EIL_SEQ_2
[SUCCESS] SP_IFRS_BUCKET_DETAIL
[SUCCESS] SP_IFRS_BUCKET_HEADER
[SUCCESS] SP_IFRS_CCF_RULES_CONFIG
[SUCCESS] SP_IFRS_DEFAULT_CRITERIA
[SUCCESS] SP_IFRS_DEFAULT_RULE
[SUCCESS] SP_IFRS_EAD_RESULT
[SUCCESS] SP_IFRS_EAD_RESULT_2
[SUCCESS] SP_IFRS_EAD_RULES_CONFIG
[SUCCESS] SP_IFRS_EIL_GENERATE_IMA
[SUCCESS] SP_IFRS_EIL_MODEL
[SUCCESS] SP_IFRS_EIL_MODEL_DETAIL_EAD
[SUCCESS] SP_IFRS_EIL_MODEL_DETAIL_LGD
[SUCCESS] SP_IFRS_EIL_MODEL_DETAIL_PD
[SUCCESS] SP_IFRS_EIL_MODEL_DETAIL_PF
[SUCCESS] SP_IFRS_EIL_MODEL_HEADER
[SUCCESS] SP_IFRS_EIL_MODEL_SCENARIO
[SUCCESS] SP_IFRS_EIL_RESULT_DETAIL
[SUCCESS] SP_IFRS_EIL_RESULT_DETAIL3
[SUCCESS] SP_IFRS_EIL_RESULT_DETAILX
[SUCCESS] SP_IFRS_EIL_RESULT_DETAIL_2
[SUCCESS] SP_IFRS_EIL_RESULT_HEADER
[SUCCESS] SP_IFRS_EIL_RESULT_HEADERX
[SUCCESS] SP_IFRS_EIL_UPDATE_PORTFOLIO
[SUCCESS] SP_IFRS_EXEC_AND_LOG
[SUCCESS] SP_IFRS_IMPI_JOURNAL_DATA
[SUCCESS] SP_IFRS_IMP_FILL_IMA_PREV_CURR
[SUCCESS] SP_IFRS_IMP_INITIAL_CONFIG
[SUCCESS] SP_IFRS_INITIAL_PAYM_SCHD
[SUCCESS] SP_IFRS_INITIAL_UPDATE_IMP
[SUCCESS] SP_IFRS_INSERT_STG_PMA
[SUCCESS] SP_IFRS_INSERT_STG_PMA_DVC_HC
[SUCCESS] SP_IFRS_INSERT_STG_PMA_HC
[SUCCESS] SP_IFRS_INSERT_STG_PMA_JFAST
[SUCCESS] SP_IFRS_LGD_DATA
[SUCCESS] SP_IFRS_LGD_DATA2
[SUCCESS] SP_IFRS_LGD_DATAX
[SUCCESS] SP_IFRS_LGD_REC_DATA
[SUCCESS] SP_IFRS_LGD_REC_DATA2
[SUCCESS] SP_IFRS_LGD_RESULT
[SUCCESS] SP_IFRS_LGD_RULES_CONFIG
[SUCCESS] SP_IFRS_LGD_RULE_DATA
[SUCCESS] SP_IFRS_LGD_RULE_DATA2
[SUCCESS] SP_IFRS_LGD_UR_DETAIL
[SUCCESS] SP_IFRS_LGD_UR_HEADER
[SUCCESS] SP_IFRS_LGD_UR_REC_DETAIL
[SUCCESS] SP_IFRS_LGD_UR_REC_DETAIL2
[SUCCESS] SP_IFRS_LGD_WORKOUT_DETAIL
[SUCCESS] SP_IFRS_LGD_WORKOUT_DETAIL2
[SUCCESS] SP_IFRS_LGD_WORKOUT_HEADER
[SUCCESS] SP_IFRS_LGD_WORKOUT_HEADER2
[SUCCESS] SP_IFRS_LGD_WORKOUT_RULES_CONFIG
[SUCCESS] SP_IFRS_LIFETIME_DATA
[SUCCESS] SP_IFRS_LIFETIME_DETAIL
[SUCCESS] SP_IFRS_LIFETIME_HEADER
[SUCCESS] SP_IFRS_LIFETIME_RULES_CONFIG
[SUCCESS] SP_IFRS_LIFETIME_RULES_CONFIG_GTMP
[SUCCESS] SP_IFRS_LIFETIME_RULE_DATA
[SUCCESS] SP_IFRS_LOOPING_ADAM
[SUCCESS] SP_IFRS_MASTERID
[SUCCESS] SP_IFRS_MASTERID_ONETIME
[SUCCESS] SP_IFRS_MASTER_ACCOUNT_PREV
[SUCCESS] SP_IFRS_PATCH_DPD_CIF
[SUCCESS] SP_IFRS_PATCH_DPD_CIF_NEW
[SUCCESS] SP_IFRS_PATCH_DPD_CIF_NEW2
[SUCCESS] SP_IFRS_PATCH_DPD_CIF_NEW3
[SUCCESS] SP_IFRS_PATCH_DPD_CIF_NEW4
[SUCCESS] SP_IFRS_PATCH_DPD_CIF_NEW5
[SUCCESS] SP_IFRS_PATCH_DPD_CIF_NEW6
[SUCCESS] SP_IFRS_PD_LINEST_SMOOTHING
[SUCCESS] SP_IFRS_PD_MAA_ENR
[SUCCESS] SP_IFRS_PD_MAA_ENR_SUM
[SUCCESS] SP_IFRS_PD_MAA_FLOWRATE
[SUCCESS] SP_IFRS_PD_MAA_FLOWRATE_SMOOTH
[SUCCESS] SP_IFRS_PD_MAA_FLOWRATE_SMOOTH2
[SUCCESS] SP_IFRS_PD_MAA_FLOWRATE_SUM
[SUCCESS] SP_IFRS_PD_MAA_MMULT
[SUCCESS] SP_IFRS_PD_MAA_MMULT2
[SUCCESS] SP_IFRS_PD_MAA_MMULT_MONTHLY
[SUCCESS] SP_IFRS_PD_MAA_ODR
[SUCCESS] SP_IFRS_PD_MIGRATION_DETAIL
[SUCCESS] SP_IFRS_PD_RULES_CONFIG
[SUCCESS] SP_IFRS_PD_RULE_DATA
[SUCCESS] SP_IFRS_PD_SYNC_TERM_STRUCTURE_FL
[SUCCESS] SP_IFRS_PD_TERM_STRUCTURE
[SUCCESS] SP_IFRS_PD_TERM_STRUCTURE_VAS
[SUCCESS] SP_IFRS_PD_TM_SCENARIO_DATA
[SUCCESS] SP_IFRS_PD_VAS_MPD
[SUCCESS] SP_IFRS_PD_VAS_TTC
[SUCCESS] SP_IFRS_PD_VAS_ZSCORE
[SUCCESS] SP_IFRS_PREPAYMENT_RULES_CONFIG
[SUCCESS] SP_IFRS_RESULT_PREV
[SUCCESS] SP_IFRS_RUNNING_LOG
[SUCCESS] SP_IFRS_SEGMENTATION_MAPPING
[SUCCESS] SP_IFRS_STAGE_CONFIG
[SUCCESS] SP_IFRS_SYNC_PARAM
[SUCCESS] SP_IFRS_UPDATE_IMA_RESULT
[SUCCESS] SP_IFRS_UPDATE_STAGE
[SUCCESS] SP_LGD_SEQ
[SUCCESS] SP_LIFETIME_SEQ
[SUCCESS] SP_MULTIJASA
[SUCCESS] SP_PATCH_SEQ_DPD
[SUCCESS] SP_PD_SEQ
[SUCCESS] SP_SHU_CHECK
[SUCCESS] SP_TESTING_ORACLE
[SUCCESS] XSP_IFRS_EAD_RESULT2
[SUCCESS] XSP_PATCH_SEGMENT2
[SUCCESS] X_IFRS_POPULATE_IMAM_FROM_PMAM
[SUCCESS] X_SP_IFRS_PATCH_SEGMENT
[SUCCESS] X_SP_IFRS_PATCH_SEGMENT_ADAM
[SUCCESS] xSP_Patch_segment2