;;; 
Export: Release 21.0.0.0.0 - Production on Sun Jan 11 10:46:06 2026
Version 21.3.0.0.0

Copyright (c) 1982, 2021, Oracle and/or its affiliates.  All rights reserved.
;;; 
Connected to: Oracle Database 19c Enterprise Edition Release 19.0.0.0.0 - Production
Starting "SYSTEM"."SYS_EXPORT_SCHEMA_01":  system/********@oracle19-analytic.bsi.qa.regla.cloud:22521/REGLA_DEV_BSI_ANALYTIC schemas=PSAK413 directory=DATA_PUMP_DIR dumpfile=PSAK413_01012026_V2.dmp logfile=PSAK413_01012026_V2.log content=ALL 
Processing object type SCHEMA_EXPORT/TABLE/TABLE_DATA
Processing object type SCHEMA_EXPORT/TABLE/INDEX/STATISTICS/INDEX_STATISTICS
Processing object type SCHEMA_EXPORT/TABLE/STATISTICS/TABLE_STATISTICS
Processing object type SCHEMA_EXPORT/STATISTICS/MARKER
Processing object type SCHEMA_EXPORT/USER
Processing object type SCHEMA_EXPORT/SYSTEM_GRANT
;;; Export> exit
Processing object type SCHEMA_EXPORT/DEFAULT_ROLE
Processing object type SCHEMA_EXPORT/TABLESPACE_QUOTA
Processing object type SCHEMA_EXPORT/PRE_SCHEMA/PROCACT_SCHEMA
Processing object type SCHEMA_EXPORT/SEQUENCE/SEQUENCE
Processing object type SCHEMA_EXPORT/TABLE/TABLE
Processing object type SCHEMA_EXPORT/TABLE/IDENTITY_COLUMN
Processing object type SCHEMA_EXPORT/PROCEDURE/PROCEDURE
Processing object type SCHEMA_EXPORT/PROCEDURE/ALTER_PROCEDURE
Processing object type SCHEMA_EXPORT/VIEW/VIEW
Processing object type SCHEMA_EXPORT/TABLE/INDEX/INDEX
Processing object type SCHEMA_EXPORT/TABLE/CONSTRAINT/CONSTRAINT
. . exported "PSAK413"."2019_COMMITMENT"                     0 KB       0 rows
. . exported "PSAK413"."AC_MAX"                              0 KB       0 rows
. . exported "PSAK413"."ADAM"                                0 KB       0 rows
. . exported "PSAK413"."ADAM_EXT"                            0 KB       0 rows
. . exported "PSAK413"."CF"                                  0 KB       0 rows
. . exported "PSAK413"."CKPN_PMA_2"                          0 KB       0 rows
. . exported "PSAK413"."CKPN_PMA_BSI"                        0 KB       0 rows
. . exported "PSAK413"."CURRENT_PD"                          0 KB       0 rows
. . exported "PSAK413"."CURRENT_RATING"                      0 KB       0 rows
. . exported "PSAK413"."CURRENT_RATING_SB"                   0 KB       0 rows
. . exported "PSAK413"."CUST_GRADE"                          0 KB       0 rows
. . exported "PSAK413"."DM_LIMIT"                            0 KB       0 rows
. . exported "PSAK413"."EIR"                                 0 KB       0 rows
. . exported "PSAK413"."FRS_ARIMA_MODEL_PARAM"               0 KB       0 rows
. . exported "PSAK413"."GTMP_LOOP"                           0 KB       0 rows
. . exported "PSAK413"."GTMP_PD_FLOWRATE_CONFIG"             0 KB       0 rows
. . exported "PSAK413"."GTMP_PD_FLOW_SUM_CONFIG"             0 KB       0 rows
. . exported "PSAK413"."GTMP_PD_FLOW_SUM_CONFIG_S_00000_0000"      0 KB       0 rows
. . exported "PSAK413"."GTMP_PD_ODR_CONFIG"                  0 KB       0 rows
. . exported "PSAK413"."GTMP_PD_ODR_CONFIG_S_00000_0000"      0 KB       0 rows
. . exported "PSAK413"."GTMP_PD_RUNNING_CONFIG"              0 KB       0 rows
. . exported "PSAK413"."GTMP_PD_RUNNING_ENR_SUM"             0 KB       0 rows
. . exported "PSAK413"."GTMP_PD_RUNNING_ENR_SUM_S_00000_0000"      0 KB       0 rows
. . exported "PSAK413"."GTMP_PD_SMOOTH_CONFIG"               0 KB       0 rows
. . exported "PSAK413"."GTMP_PD_SMOOTH_CONFIG_S_00000_0000"      0 KB       0 rows
. . exported "PSAK413"."GTMP_PD_ZSCORE_CONFIG"               0 KB       0 rows
. . exported "PSAK413"."GTMP_TERM_STRUCTURE"                 0 KB       0 rows
. . exported "PSAK413"."HASANAHCARDLBUT"                     0 KB       0 rows
. . exported "PSAK413"."IFRS_1MEVLM_RESULT_DTL"              0 KB       0 rows
. . exported "PSAK413"."IFRS_ACCT_AMORT_RESTRU"              0 KB       0 rows
. . exported "PSAK413"."IFRS_ACCT_CLOSED"                    0 KB       0 rows
. . exported "PSAK413"."IFRS_ACCT_COST_FEE"                  0 KB       0 rows
. . exported "PSAK413"."IFRS_ACCT_COST_FEE_SUMM"             0 KB       0 rows
. . exported "PSAK413"."IFRS_ACCT_EIR_ACCRU_PREV"            0 KB       0 rows
. . exported "PSAK413"."IFRS_ACCT_EIR_ACF"                   0 KB       0 rows
. . exported "PSAK413"."IFRS_ACCT_EIR_CF_ECF"                0 KB       0 rows
. . exported "PSAK413"."IFRS_ACCT_EIR_CF_ECF1"               0 KB       0 rows
. . exported "PSAK413"."IFRS_ACCT_EIR_COST_FEE_ECF"          0 KB       0 rows
. . exported "PSAK413"."IFRS_ACCT_EIR_COST_FEE_PREV"         0 KB       0 rows
. . exported "PSAK413"."IFRS_ACCT_EIR_ECF"                   0 KB       0 rows
. . exported "PSAK413"."IFRS_ACCT_EIR_ECF1"                  0 KB       0 rows
. . exported "PSAK413"."IFRS_ACCT_EIR_ECF2"                  0 KB       0 rows
. . exported "PSAK413"."IFRS_ACCT_EIR_ECF_NOCF"              0 KB       0 rows
. . exported "PSAK413"."IFRS_ACCT_EIR_ECF_T2"                0 KB       0 rows
. . exported "PSAK413"."IFRS_ACCT_EIR_FAILED_GS"             0 KB       0 rows
. . exported "PSAK413"."IFRS_ACCT_EIR_FAILED_GS3"            0 KB       0 rows
. . exported "PSAK413"."IFRS_ACCT_EIR_FAILED_GS4"            0 KB       0 rows
. . exported "PSAK413"."IFRS_ACCT_EIR_GAIN_LOSS"             0 KB       0 rows
. . exported "PSAK413"."IFRS_ACCT_EIR_GS_RESULT"             0 KB       0 rows
. . exported "PSAK413"."IFRS_ACCT_EIR_GS_RESULT3"            0 KB       0 rows
. . exported "PSAK413"."IFRS_ACCT_EIR_GS_RESULT4"            0 KB       0 rows
. . exported "PSAK413"."IFRS_ACCT_EIR_PAYM"                  0 KB       0 rows
. . exported "PSAK413"."IFRS_ACCT_EIR_PAYM_GS"               0 KB       0 rows
. . exported "PSAK413"."IFRS_ACCT_EIR_PAYM_GS_DATE"          0 KB       0 rows
. . exported "PSAK413"."IFRS_ACCT_EIR_STOP_REV"              0 KB       0 rows
. . exported "PSAK413"."IFRS_ACCT_JOURNAL_DATA"              0 KB       0 rows
. . exported "PSAK413"."IFRS_ACCT_JOURNAL_INTM"              0 KB       0 rows
. . exported "PSAK413"."IFRS_ACCT_JOURNAL_INTM_SUMM"         0 KB       0 rows
. . exported "PSAK413"."IFRS_ACCT_NOCF"                      0 KB       0 rows
. . exported "PSAK413"."IFRS_ACCT_SL_ACCRU_PREV"             0 KB       0 rows
. . exported "PSAK413"."IFRS_ACCT_SL_ACF"                    0 KB       0 rows
. . exported "PSAK413"."IFRS_ACCT_SL_CF_ECF"                 0 KB       0 rows
. . exported "PSAK413"."IFRS_ACCT_SL_COST_FEE_ECF"           0 KB       0 rows
. . exported "PSAK413"."IFRS_ACCT_SL_COST_FEE_PREV"          0 KB       0 rows
. . exported "PSAK413"."IFRS_ACCT_SL_ECF"                    0 KB       0 rows
. . exported "PSAK413"."IFRS_ACCT_SL_ECF1"                   0 KB       0 rows
. . exported "PSAK413"."IFRS_ACCT_SL_ECF2"                   0 KB       0 rows
. . exported "PSAK413"."IFRS_ACCT_SL_ECF_STOPPED"            0 KB       0 rows
. . exported "PSAK413"."IFRS_ACCT_SL_STOP_REV"               0 KB       0 rows
. . exported "PSAK413"."IFRS_ACCT_SWITCH"                    0 KB       0 rows
. . exported "PSAK413"."IFRS_ACF_SL_MSTR"                    0 KB       0 rows
. . exported "PSAK413"."IFRS_ACF_SL_MSTR_REV"                0 KB       0 rows
. . exported "PSAK413"."IFRS_ACT_ECF_TMP"                    0 KB       0 rows
. . exported "PSAK413"."IFRS_AC_BM_CLASS"                    0 KB       0 rows
. . exported "PSAK413"."IFRS_AC_BM_CLASS_HIST"               0 KB       0 rows
. . exported "PSAK413"."IFRS_AC_BM_DETAIL"                   0 KB       0 rows
. . exported "PSAK413"."IFRS_AC_BM_DETAIL_HIST"              0 KB       0 rows
. . exported "PSAK413"."IFRS_AC_BM_DETAIL_PENDING"           0 KB       0 rows
. . exported "PSAK413"."IFRS_AC_BM_HEADER"                   0 KB       0 rows
. . exported "PSAK413"."IFRS_AC_BM_HEADER_HIST"              0 KB       0 rows
. . exported "PSAK413"."IFRS_AC_BM_HEADER_PENDING"           0 KB       0 rows
. . exported "PSAK413"."IFRS_AC_BM_MASTER_QUEST_D"           0 KB       0 rows
. . exported "PSAK413"."IFRS_AC_BM_QUEST"                    0 KB       0 rows
. . exported "PSAK413"."IFRS_AC_MAIN_MAPPING"                0 KB       0 rows
. . exported "PSAK413"."IFRS_AC_MAPPING"                     0 KB       0 rows
. . exported "PSAK413"."IFRS_AC_OVERRIDE"                    0 KB       0 rows
. . exported "PSAK413"."IFRS_AC_OVERRIDE_DETAIL"             0 KB       0 rows
. . exported "PSAK413"."IFRS_AC_OVERRIDE_D_HIST"             0 KB       0 rows
. . exported "PSAK413"."IFRS_AC_OVERRIDE_D_PEND"             0 KB       0 rows
. . exported "PSAK413"."IFRS_AC_OVERRIDE_HIST"               0 KB       0 rows
. . exported "PSAK413"."IFRS_AC_OVERRIDE_PEND"               0 KB       0 rows
. . exported "PSAK413"."IFRS_AC_PRODUCT_CLASS"               0 KB       0 rows
. . exported "PSAK413"."IFRS_AC_RESULT"                      0 KB       0 rows
. . exported "PSAK413"."IFRS_AC_RESULT_HIST"                 0 KB       0 rows
. . exported "PSAK413"."IFRS_AC_RESULT_PEND"                 0 KB       0 rows
. . exported "PSAK413"."IFRS_AC_SPPI_DETAIL"                 0 KB       0 rows
. . exported "PSAK413"."IFRS_AC_SPPI_DETAIL_HIST"            0 KB       0 rows
. . exported "PSAK413"."IFRS_AC_SPPI_DETAIL_PENDING"         0 KB       0 rows
. . exported "PSAK413"."IFRS_AC_SPPI_HEADER"                 0 KB       0 rows
. . exported "PSAK413"."IFRS_AC_SPPI_HEADER_HIST"            0 KB       0 rows
. . exported "PSAK413"."IFRS_AC_SPPI_HEADER_PENDING"         0 KB       0 rows
. . exported "PSAK413"."IFRS_AC_SPPI_PRODUCT"                0 KB       0 rows
. . exported "PSAK413"."IFRS_AC_SPPI_PRODUCT_HIST"           0 KB       0 rows
. . exported "PSAK413"."IFRS_AC_SPPI_QUESTIONS"              0 KB       0 rows
. . exported "PSAK413"."IFRS_AC_SPPI_SECTION"                0 KB       0 rows
. . exported "PSAK413"."IFRS_AC_SYNC_LIST_VALUE"             0 KB       0 rows
. . exported "PSAK413"."IFRS_AMORT_LOG"                      0 KB       0 rows
. . exported "PSAK413"."IFRS_ARCHIVE_COLS"                   0 KB       0 rows
. . exported "PSAK413"."IFRS_ARCHIVE_LOG"                    0 KB       0 rows
. . exported "PSAK413"."IFRS_ARCHIVE_MASTER"                 0 KB       0 rows
. . exported "PSAK413"."IFRS_ARCHIVING_LOGS"                 0 KB       0 rows
. . exported "PSAK413"."IFRS_ASSET_CLASSIFICATION_CORP"      0 KB       0 rows
. . exported "PSAK413"."IFRS_ASSET_CLASS_HEADER"             0 KB       0 rows
. . exported "PSAK413"."IFRS_BACKTEST_INS_BUCKET_AVG"        0 KB       0 rows
. . exported "PSAK413"."IFRS_BACKTEST_INS_BUCKET_DTL"        0 KB       0 rows
. . exported "PSAK413"."IFRS_BACKTEST_INS_BUCKET_SUMM"       0 KB       0 rows
. . exported "PSAK413"."IFRS_BACKTEST_INS_DTL"               0 KB       0 rows
. . exported "PSAK413"."IFRS_BACKTEST_INS_ME_DTL"            0 KB       0 rows
. . exported "PSAK413"."IFRS_BACKTEST_INS_PF_DTL"            0 KB       0 rows
. . exported "PSAK413"."IFRS_BACKTEST_INS_SUMM"              0 KB       0 rows
. . exported "PSAK413"."IFRS_BACKTEST_IN_SAMPLE"             0 KB       0 rows
. . exported "PSAK413"."IFRS_BACKTEST_ODR_RESULT"            0 KB       0 rows
. . exported "PSAK413"."IFRS_BACKTEST_ODR_RESULT_HIST"       0 KB       0 rows
. . exported "PSAK413"."IFRS_BACKTEST_OOS_BUCKET_AVG"        0 KB       0 rows
. . exported "PSAK413"."IFRS_BACKTEST_OOS_BUCKET_DTL"        0 KB       0 rows
. . exported "PSAK413"."IFRS_BACKTEST_OOS_BUCKET_SUMM"       0 KB       0 rows
. . exported "PSAK413"."IFRS_BACKTEST_OOS_BUCK_STA"          0 KB       0 rows
. . exported "PSAK413"."IFRS_BACKTEST_OOS_DTL"               0 KB       0 rows
. . exported "PSAK413"."IFRS_BACKTEST_OOS_ME_DTL"            0 KB       0 rows
. . exported "PSAK413"."IFRS_BACKTEST_OOS_PF_DTL"            0 KB       0 rows
. . exported "PSAK413"."IFRS_BACKTEST_OOS_SUMM"              0 KB       0 rows
. . exported "PSAK413"."IFRS_BACKTEST_OUT_SAMPLE"            0 KB       0 rows
. . exported "PSAK413"."IFRS_BATCH_LOG_DETAILS"              0 KB       0 rows
. . exported "PSAK413"."IFRS_BTPN_MAPPING_SANDI"             0 KB       0 rows
. . exported "PSAK413"."IFRS_BUCKET_DETAIL"                  0 KB       0 rows
. . exported "PSAK413"."IFRS_BUCKET_DETAIL_OLD"              0 KB       0 rows
. . exported "PSAK413"."IFRS_BUCKET_HEADER"                  0 KB       0 rows
. . exported "PSAK413"."IFRS_CCF_OVERRIDE"                   0 KB       0 rows
. . exported "PSAK413"."IFRS_CCF_RULES_CONFIG"               0 KB       0 rows
. . exported "PSAK413"."IFRS_CCF_SCENARIO_DATA"              0 KB       0 rows
. . exported "PSAK413"."IFRS_CCF_SCENARIO_DATA_SUMM"         0 KB       0 rows
. . exported "PSAK413"."IFRS_CFID_JOURNAL_INTM_SUMM"         0 KB       0 rows
. . exported "PSAK413"."IFRS_CHECK_AMORT"                    0 KB       0 rows
. . exported "PSAK413"."IFRS_CHECK_AMORT_ALL"                0 KB       0 rows
. . exported "PSAK413"."IFRS_CHECK_AMORT_NOCF"               0 KB       0 rows
. . exported "PSAK413"."IFRS_COLL_PRORATE"                   0 KB       0 rows
. . exported "PSAK413"."IFRS_CREDITLINE_JENIUS"              0 KB       0 rows
. . exported "PSAK413"."IFRS_CUSTOMER_GRADING_CORP"          0 KB       0 rows
. . exported "PSAK413"."IFRS_DECISION_LOGS"                  0 KB       0 rows
. . exported "PSAK413"."IFRS_DEFAULT"                        0 KB       0 rows
. . exported "PSAK413"."IFRS_DEFAULT_CRITERIA"               0 KB       0 rows
. . exported "PSAK413"."IFRS_DEFAULT_NOLAG"                  0 KB       0 rows
. . exported "PSAK413"."IFRS_DEFAULT_NOLAG_OLD"              0 KB       0 rows
. . exported "PSAK413"."IFRS_DEFAULT_OLD"                    0 KB       0 rows
. . exported "PSAK413"."IFRS_DIM_GEOGRAPHICAL_SECTORS"       0 KB       0 rows
. . exported "PSAK413"."IFRS_DIM_INDUSTRY_SECTORS"           0 KB       0 rows
. . exported "PSAK413"."IFRS_DIM_SMBC_CLASS"                 0 KB       0 rows
. . exported "PSAK413"."IFRS_EAD_CCF_DETAIL"                 0 KB       0 rows
. . exported "PSAK413"."IFRS_EAD_CCF_DETAIL_CIF"             0 KB       0 rows
. . exported "PSAK413"."IFRS_EAD_CCF_DETAIL_FACILITY"        0 KB       0 rows
. . exported "PSAK413"."IFRS_EAD_CCF_HEADER"                 0 KB       0 rows
. . exported "PSAK413"."IFRS_EAD_RESULT_MONTHLY"             0 KB       0 rows
. . exported "PSAK413"."IFRS_EAD_RESULT_NONPRK"              0 KB       0 rows
. . exported "PSAK413"."IFRS_EAD_RESULT_PRK"                 0 KB       0 rows
. . exported "PSAK413"."IFRS_EAD_RESULT_PRK_MONTHLY"         0 KB       0 rows
. . exported "PSAK413"."IFRS_EAD_RULES_CONFIG"               0 KB       0 rows
. . exported "PSAK413"."IFRS_EAD_TERM_MONTHLY"               0 KB       0 rows
. . exported "PSAK413"."IFRS_EAD_TERM_YEARLY"                0 KB       0 rows
. . exported "PSAK413"."IFRS_EAD_TERM_YEARLY_CC"             0 KB       0 rows
. . exported "PSAK413"."IFRS_EIL_EXCLUSION"                  0 KB       0 rows
. . exported "PSAK413"."IFRS_EIL_INDIVIDUAL"                 0 KB       0 rows
. . exported "PSAK413"."IFRS_EIL_MODEL_CONFIG_HIST"          0 KB       0 rows
. . exported "PSAK413"."IFRS_EIL_MODEL_DETAIL_EAD"           0 KB       0 rows
. . exported "PSAK413"."IFRS_EIL_MODEL_DETAIL_EAD_HIST"      0 KB       0 rows
. . exported "PSAK413"."IFRS_EIL_MODEL_DETAIL_EAD_PEND"      0 KB       0 rows
. . exported "PSAK413"."IFRS_EIL_MODEL_DETAIL_LGD"           0 KB       0 rows
. . exported "PSAK413"."IFRS_EIL_MODEL_DETAIL_LGD_HIST"      0 KB       0 rows
. . exported "PSAK413"."IFRS_EIL_MODEL_DETAIL_LGD_PEND"      0 KB       0 rows
. . exported "PSAK413"."IFRS_EIL_MODEL_DETAIL_PD"            0 KB       0 rows
. . exported "PSAK413"."IFRS_EIL_MODEL_DETAIL_PD_HIST"       0 KB       0 rows
. . exported "PSAK413"."IFRS_EIL_MODEL_DETAIL_PD_PEND"       0 KB       0 rows
. . exported "PSAK413"."IFRS_EIL_MODEL_DETAIL_PF"            0 KB       0 rows
. . exported "PSAK413"."IFRS_EIL_MODEL_DETAIL_PF_HIST"       0 KB       0 rows
. . exported "PSAK413"."IFRS_EIL_MODEL_DETAIL_PF_PEND"       0 KB       0 rows
. . exported "PSAK413"."IFRS_EIL_MODEL_HEADER"               0 KB       0 rows
. . exported "PSAK413"."IFRS_EIL_MODEL_HEADER_HIST"          0 KB       0 rows
. . exported "PSAK413"."IFRS_EIL_MODEL_HEADER_PENDING"       0 KB       0 rows
. . exported "PSAK413"."IFRS_EIL_RESULT_DETAIL"              0 KB       0 rows
. . exported "PSAK413"."IFRS_EIL_RESULT_HEADER"              0 KB       0 rows
. . exported "PSAK413"."IFRS_EIR_ADJUSTMENT"                 0 KB       0 rows
. . exported "PSAK413"."IFRS_EVENT_CHANGES"                  0 KB       0 rows
. . exported "PSAK413"."IFRS_EVENT_CHANGES_DETAILS"          0 KB       0 rows
. . exported "PSAK413"."IFRS_EXCEPTION_ACCOUNT"              0 KB       0 rows
. . exported "PSAK413"."IFRS_EXCEPTION_DETAILS"              0 KB       0 rows
. . exported "PSAK413"."IFRS_EXCLUDE_JENIUS"                 0 KB       0 rows
. . exported "PSAK413"."IFRS_FACILITY_REPORT_RECON"          0 KB       0 rows
. . exported "PSAK413"."IFRS_FACILITY_SELLDOWN_FLAG"         0 KB       0 rows
. . exported "PSAK413"."IFRS_FL_SCALAR_CONFIG"               0 KB       0 rows
. . exported "PSAK413"."IFRS_GL_OUTBOUND"                    0 KB       0 rows
. . exported "PSAK413"."IFRS_GS_DATE1"                       0 KB       0 rows
. . exported "PSAK413"."IFRS_GS_DATE2"                       0 KB       0 rows
. . exported "PSAK413"."IFRS_GS_MASTERID"                    0 KB       0 rows
. . exported "PSAK413"."IFRS_HOLIDAY"                        0 KB       0 rows
. . exported "PSAK413"."IFRS_HOLIDAY_OVERRIDE"               0 KB       0 rows
. . exported "PSAK413"."IFRS_IAP_LIST"                       0 KB       0 rows
. . exported "PSAK413"."IFRS_IAP_LIST_HIST"                  0 KB       0 rows
. . exported "PSAK413"."IFRS_IAP_LIST_PENDING"               0 KB       0 rows
. . exported "PSAK413"."IFRS_IAP_LIST_SCENARIO"              0 KB       0 rows
. . exported "PSAK413"."IFRS_IAP_LIST_SCENARIO_HIST"         0 KB       0 rows
. . exported "PSAK413"."IFRS_IAP_LIST_SCENARIO_PENDING"      0 KB       0 rows
. . exported "PSAK413"."IFRS_IAP_PARAM"                      0 KB       0 rows
. . exported "PSAK413"."IFRS_IAP_PARAM_SCENARIO"             0 KB       0 rows
. . exported "PSAK413"."IFRS_IMA_AMORT_CURR"                 0 KB       0 rows
. . exported "PSAK413"."IFRS_IMA_AMORT_PREV"                 0 KB       0 rows
. . exported "PSAK413"."IFRS_IMA_IMP_CURR"                   0 KB       0 rows
. . exported "PSAK413"."IFRS_IMA_IMP_PREV"                   0 KB       0 rows
. . exported "PSAK413"."IFRS_IMA_LIMIT"                      0 KB       0 rows
. . exported "PSAK413"."IFRS_IMPC_BUCKET_PARAM"              0 KB       0 rows
. . exported "PSAK413"."IFRS_IMP_AVG_EIR"                    0 KB       0 rows
. . exported "PSAK413"."IFRS_IMP_DEFAULT_RATE"               0 KB       0 rows
. . exported "PSAK413"."IFRS_IMP_DEFAULT_RATE_NOLAG"         0 KB       0 rows
. . exported "PSAK413"."IFRS_IMP_DEFAULT_STATUS"             0 KB       0 rows
. . exported "PSAK413"."IFRS_IMP_IA_MASTER"                  0 KB       0 rows
. . exported "PSAK413"."IFRS_IMP_IA_MASTER_HIST"             0 KB       0 rows
. . exported "PSAK413"."IFRS_IMP_IA_MASTER_PEND"             0 KB       0 rows
. . exported "PSAK413"."IFRS_IMP_IA_SCENARIO_DATA"           0 KB       0 rows
. . exported "PSAK413"."IFRS_IMP_IMPAIRFLAG_TEMP"            0 KB       0 rows
. . exported "PSAK413"."IFRS_IMP_JOURNAL_DATA"               0 KB       0 rows
. . exported "PSAK413"."IFRS_IMP_JOURNAL_DATA_S_00000_0000"      0 KB       0 rows
. . exported "PSAK413"."IFRS_IMP_MAIN_DASHBOARD"             0 KB       0 rows
. . exported "PSAK413"."IFRS_IMP_OVERRIDE"                   0 KB       0 rows
. . exported "PSAK413"."IFRS_IMP_OVERRIDETRIGGERD"           0 KB       0 rows
. . exported "PSAK413"."IFRS_IMP_OVERRIDETRIGGERD_HIST"      0 KB       0 rows
. . exported "PSAK413"."IFRS_IMP_OVERRIDETRIGGERD_PEND"      0 KB       0 rows
. . exported "PSAK413"."IFRS_IMP_OVERRIDETRIGGERH"           0 KB       0 rows
. . exported "PSAK413"."IFRS_IMP_OVERRIDETRIGGERH_HIST"      0 KB       0 rows
. . exported "PSAK413"."IFRS_IMP_OVERRIDETRIGGERH_PEND"      0 KB       0 rows
. . exported "PSAK413"."IFRS_IMP_OVERRIDE_COLLATERAL"        0 KB       0 rows
. . exported "PSAK413"."IFRS_IMP_OVERRIDE_COLLATERAL_HIST"      0 KB       0 rows
. . exported "PSAK413"."IFRS_IMP_OVERRIDE_COLLATERAL_PEND"      0 KB       0 rows
. . exported "PSAK413"."IFRS_IMP_OVERRIDE_COLLATERAL_TEMP"      0 KB       0 rows
. . exported "PSAK413"."IFRS_IMP_OVERRIDE_DETAIL_TEMP"       0 KB       0 rows
. . exported "PSAK413"."IFRS_IMP_OVERRIDE_HISTORY"           0 KB       0 rows
. . exported "PSAK413"."IFRS_IMP_OVERRIDE_MASTER"            0 KB       0 rows
. . exported "PSAK413"."IFRS_IMP_OVERRIDE_MASTER_HIST"       0 KB       0 rows
. . exported "PSAK413"."IFRS_IMP_OVERRIDE_MASTER_PEND"       0 KB       0 rows
. . exported "PSAK413"."IFRS_IMP_OVERRIDE_PENDING"           0 KB       0 rows
. . exported "PSAK413"."IFRS_IMP_PD_FL_TERM_STRUCTURE"       0 KB       0 rows
. . exported "PSAK413"."IFRS_IMP_PD_FL_TERM_YEARLY"          0 KB       0 rows
. . exported "PSAK413"."IFRS_INDEPENDENT_VARIABLE"           0 KB       0 rows
. . exported "PSAK413"."IFRS_INIT_PD_MASTERSCALE_CORP"       0 KB       0 rows
. . exported "PSAK413"."IFRS_JF_PORTION_PARAM"               0 KB       0 rows
. . exported "PSAK413"."IFRS_JOURNAL_DATA_OUTPUT"            0 KB       0 rows
. . exported "PSAK413"."IFRS_JOURNAL_PARAM"                  0 KB       0 rows
. . exported "PSAK413"."IFRS_JUDGEMENT_RATING_TREASURY"      0 KB       0 rows
. . exported "PSAK413"."IFRS_LBM_ACCT_EIR_ACCRU_PREV"        0 KB       0 rows
. . exported "PSAK413"."IFRS_LBM_ACCT_EIR_ACF"               0 KB       0 rows
. . exported "PSAK413"."IFRS_LBM_ACCT_EIR_CF_ECF"            0 KB       0 rows
. . exported "PSAK413"."IFRS_LBM_ACCT_EIR_CF_ECF1"           0 KB       0 rows
. . exported "PSAK413"."IFRS_LBM_ACCT_EIR_COST_FEE_ECF"      0 KB       0 rows
. . exported "PSAK413"."IFRS_LBM_ACCT_EIR_COST_FEE_PREV"      0 KB       0 rows
. . exported "PSAK413"."IFRS_LBM_ACCT_EIR_ECF"               0 KB       0 rows
. . exported "PSAK413"."IFRS_LBM_ACCT_EIR_ECF1"              0 KB       0 rows
. . exported "PSAK413"."IFRS_LBM_ACCT_EIR_ECF2"              0 KB       0 rows
. . exported "PSAK413"."IFRS_LBM_ACCT_EIR_ECF_NOCF"          0 KB       0 rows
. . exported "PSAK413"."IFRS_LBM_ACCT_EIR_ECF_T2"            0 KB       0 rows
. . exported "PSAK413"."IFRS_LBM_ACCT_EIR_FAILED_GS"         0 KB       0 rows
. . exported "PSAK413"."IFRS_LBM_ACCT_EIR_FAILED_GS3"        0 KB       0 rows
. . exported "PSAK413"."IFRS_LBM_ACCT_EIR_FAILED_GS4"        0 KB       0 rows
. . exported "PSAK413"."IFRS_LBM_ACCT_EIR_GAIN_LOSS"         0 KB       0 rows
. . exported "PSAK413"."IFRS_LBM_ACCT_EIR_GS_RESULT"         0 KB       0 rows
. . exported "PSAK413"."IFRS_LBM_ACCT_EIR_GS_RESULT3"        0 KB       0 rows
. . exported "PSAK413"."IFRS_LBM_ACCT_EIR_GS_RESULT4"        0 KB       0 rows
. . exported "PSAK413"."IFRS_LBM_ACCT_EIR_PAYM"              0 KB       0 rows
. . exported "PSAK413"."IFRS_LBM_ACCT_EIR_PAYM_GS"           0 KB       0 rows
. . exported "PSAK413"."IFRS_LBM_ACCT_EIR_PAYM_GS_DATE"      0 KB       0 rows
. . exported "PSAK413"."IFRS_LBM_ACCT_EIR_STOP_REV"          0 KB       0 rows
. . exported "PSAK413"."IFRS_LBM_ACCT_NOCF"                  0 KB       0 rows
. . exported "PSAK413"."IFRS_LBM_ACCT_SWITCH"                0 KB       0 rows
. . exported "PSAK413"."IFRS_LBM_EVENT_CHANGES"              0 KB       0 rows
. . exported "PSAK413"."IFRS_LBM_GS_DATE1"                   0 KB       0 rows
. . exported "PSAK413"."IFRS_LBM_GS_DATE2"                   0 KB       0 rows
. . exported "PSAK413"."IFRS_LBM_GS_MASTERID"                0 KB       0 rows
. . exported "PSAK413"."IFRS_LBM_LOAN_REPORT_RECON"          0 KB       0 rows
. . exported "PSAK413"."IFRS_LBM_PAYM_CORE"                  0 KB       0 rows
. . exported "PSAK413"."IFRS_LBM_PAYM_CORE_SRC"              0 KB       0 rows
. . exported "PSAK413"."IFRS_LBM_REPORT_RECON"               0 KB       0 rows
. . exported "PSAK413"."IFRS_LBM_STAFF_BENEFIT_SUMM"         0 KB       0 rows
. . exported "PSAK413"."IFRS_LGD_BUYBACK"                    0 KB       0 rows
. . exported "PSAK413"."IFRS_LGD_CURE_LGL_DETAIL"            0 KB       0 rows
. . exported "PSAK413"."IFRS_LGD_CURE_LGL_HEADER"            0 KB       0 rows
. . exported "PSAK413"."IFRS_LGD_DATA"                       0 KB       0 rows
. . exported "PSAK413"."IFRS_LGD_ER_DETAIL"                  0 KB       0 rows
. . exported "PSAK413"."IFRS_LGD_ER_HEADER"                  0 KB       0 rows
. . exported "PSAK413"."IFRS_LGD_ER_SCENARIO_DATA"           0 KB       0 rows
. . exported "PSAK413"."IFRS_LGD_FL_OVERRIDE"                0 KB       0 rows
. . exported "PSAK413"."IFRS_LGD_LGW_DETAIL"                 0 KB       0 rows
. . exported "PSAK413"."IFRS_LGD_LGW_HEADER"                 0 KB       0 rows
. . exported "PSAK413"."IFRS_LGD_POW_DETAIL"                 0 KB       0 rows
. . exported "PSAK413"."IFRS_LGD_POW_HEADER"                 0 KB       0 rows
. . exported "PSAK413"."IFRS_LGD_REC_DATA"                   0 KB       0 rows
. . exported "PSAK413"."IFRS_LGD_REC_DETAIL"                 0 KB       0 rows
. . exported "PSAK413"."IFRS_LGD_REC_WO_DETAIL"              0 KB       0 rows
. . exported "PSAK413"."IFRS_LGD_RULES_CONFIG"               0 KB       0 rows
. . exported "PSAK413"."IFRS_LGD_RULES_CONFIG_S_00000_0000"      0 KB       0 rows
. . exported "PSAK413"."IFRS_LGD_SCENARIO_DATA"              0 KB       0 rows
. . exported "PSAK413"."IFRS_LGD_TERM_STRUCTURE"             0 KB       0 rows
. . exported "PSAK413"."IFRS_LIFETIME_OVERRIDE"              0 KB       0 rows
. . exported "PSAK413"."IFRS_LIFETIME_RULES_CONFIG"          0 KB       0 rows
. . exported "PSAK413"."IFRS_LIFETIME_SCENARIO_DATA"         0 KB       0 rows
. . exported "PSAK413"."IFRS_LINREG_STATS"                   0 KB       0 rows
. . exported "PSAK413"."IFRS_LINREG_VIF_DTL"                 0 KB       0 rows
. . exported "PSAK413"."IFRS_LI_ACCT_CLOSED"                 0 KB       0 rows
. . exported "PSAK413"."IFRS_LI_ACCT_COST_FEE"               0 KB       0 rows
. . exported "PSAK413"."IFRS_LI_ACCT_COST_FEE_SUMM"          0 KB       0 rows
. . exported "PSAK413"."IFRS_LI_ACCT_EIR_ACCRU_PREV"         0 KB       0 rows
. . exported "PSAK413"."IFRS_LI_ACCT_EIR_ACF"                0 KB       0 rows
. . exported "PSAK413"."IFRS_LI_ACCT_EIR_CF_ECF"             0 KB       0 rows
. . exported "PSAK413"."IFRS_LI_ACCT_EIR_CF_ECF1"            0 KB       0 rows
. . exported "PSAK413"."IFRS_LI_ACCT_EIR_COST_FEE_ECF"       0 KB       0 rows
. . exported "PSAK413"."IFRS_LI_ACCT_EIR_COST_FEE_PREV"      0 KB       0 rows
. . exported "PSAK413"."IFRS_LI_ACCT_EIR_ECF"                0 KB       0 rows
. . exported "PSAK413"."IFRS_LI_ACCT_EIR_ECF1"               0 KB       0 rows
. . exported "PSAK413"."IFRS_LI_ACCT_EIR_ECF2"               0 KB       0 rows
. . exported "PSAK413"."IFRS_LI_ACCT_EIR_ECF_NOCF"           0 KB       0 rows
. . exported "PSAK413"."IFRS_LI_ACCT_EIR_ECF_T2"             0 KB       0 rows
. . exported "PSAK413"."IFRS_LI_ACCT_EIR_FAILED_GS"          0 KB       0 rows
. . exported "PSAK413"."IFRS_LI_ACCT_EIR_FAILED_GS3"         0 KB       0 rows
. . exported "PSAK413"."IFRS_LI_ACCT_EIR_FAILED_GS4"         0 KB       0 rows
. . exported "PSAK413"."IFRS_LI_ACCT_EIR_GAIN_LOSS"          0 KB       0 rows
. . exported "PSAK413"."IFRS_LI_ACCT_EIR_GS_RESULT"          0 KB       0 rows
. . exported "PSAK413"."IFRS_LI_ACCT_EIR_GS_RESULT3"         0 KB       0 rows
. . exported "PSAK413"."IFRS_LI_ACCT_EIR_GS_RESULT4"         0 KB       0 rows
. . exported "PSAK413"."IFRS_LI_ACCT_EIR_PAYM"               0 KB       0 rows
. . exported "PSAK413"."IFRS_LI_ACCT_EIR_PAYM_GS"            0 KB       0 rows
. . exported "PSAK413"."IFRS_LI_ACCT_EIR_PAYM_GS_DATE"       0 KB       0 rows
. . exported "PSAK413"."IFRS_LI_ACCT_EIR_STOP_REV"           0 KB       0 rows
. . exported "PSAK413"."IFRS_LI_ACCT_JOURNAL_DATA"           0 KB       0 rows
. . exported "PSAK413"."IFRS_LI_ACCT_JOURNAL_INTM"           0 KB       0 rows
. . exported "PSAK413"."IFRS_LI_ACCT_JOURNAL_INTM_SUMM"      0 KB       0 rows
. . exported "PSAK413"."IFRS_LI_ACCT_NOCF"                   0 KB       0 rows
. . exported "PSAK413"."IFRS_LI_ACCT_SL_ACCRU_PREV"          0 KB       0 rows
. . exported "PSAK413"."IFRS_LI_ACCT_SL_ACF"                 0 KB       0 rows
. . exported "PSAK413"."IFRS_LI_ACCT_SL_CF_ECF"              0 KB       0 rows
. . exported "PSAK413"."IFRS_LI_ACCT_SL_COST_FEE_ECF"        0 KB       0 rows
. . exported "PSAK413"."IFRS_LI_ACCT_SL_COST_FEE_PREV"       0 KB       0 rows
. . exported "PSAK413"."IFRS_LI_ACCT_SL_ECF"                 0 KB       0 rows
. . exported "PSAK413"."IFRS_LI_ACCT_SL_ECF1"                0 KB       0 rows
. . exported "PSAK413"."IFRS_LI_ACCT_SL_ECF2"                0 KB       0 rows
. . exported "PSAK413"."IFRS_LI_ACCT_SL_ECF_STOPPED"         0 KB       0 rows
. . exported "PSAK413"."IFRS_LI_ACCT_SL_STOP_REV"            0 KB       0 rows
. . exported "PSAK413"."IFRS_LI_ACCT_SWITCH"                 0 KB       0 rows
. . exported "PSAK413"."IFRS_LI_ACF_SL_MSTR"                 0 KB       0 rows
. . exported "PSAK413"."IFRS_LI_ACF_SL_MSTR_REV"             0 KB       0 rows
. . exported "PSAK413"."IFRS_LI_ACT_ECF_TMP"                 0 KB       0 rows
. . exported "PSAK413"."IFRS_LI_AMORT_GL_OUTBOUND"           0 KB       0 rows
. . exported "PSAK413"."IFRS_LI_AMORT_LOG"                   0 KB       0 rows
. . exported "PSAK413"."IFRS_LI_ARCHIVING_LOG"               0 KB       0 rows
. . exported "PSAK413"."IFRS_LI_BATCH_LOG_DETAILS"           0 KB       0 rows
. . exported "PSAK413"."IFRS_LI_CFID_JOURNAL_INTM_SUMM"      0 KB       0 rows
. . exported "PSAK413"."IFRS_LI_CHECK_AMORT"                 0 KB       0 rows
. . exported "PSAK413"."IFRS_LI_CHECK_AMORT_NOCF"            0 KB       0 rows
. . exported "PSAK413"."IFRS_LI_EIR_ADJUSTMENT"              0 KB       0 rows
. . exported "PSAK413"."IFRS_LI_EVENT_CHANGES"               0 KB       0 rows
. . exported "PSAK413"."IFRS_LI_EVENT_CHANGES_DETAILS"       0 KB       0 rows
. . exported "PSAK413"."IFRS_LI_EXCEPTION_ACCOUNT"           0 KB       0 rows
. . exported "PSAK413"."IFRS_LI_EXCEPTION_DETAILS"           0 KB       0 rows
. . exported "PSAK413"."IFRS_LI_FUNDING_SCHD1"               0 KB       0 rows
. . exported "PSAK413"."IFRS_LI_FUNDING_SCHD2"               0 KB       0 rows
. . exported "PSAK413"."IFRS_LI_FUNDING_SUMM"                0 KB       0 rows
. . exported "PSAK413"."IFRS_LI_GS_DATE1"                    0 KB       0 rows
. . exported "PSAK413"."IFRS_LI_GS_DATE2"                    0 KB       0 rows
. . exported "PSAK413"."IFRS_LI_GS_MASTERID"                 0 KB       0 rows
. . exported "PSAK413"."IFRS_LI_IMA_AMORT_CURR"              0 KB       0 rows
. . exported "PSAK413"."IFRS_LI_IMA_AMORT_PREV"              0 KB       0 rows
. . exported "PSAK413"."IFRS_LI_JOURNAL_PARAM"               0 KB       0 rows
. . exported "PSAK413"."IFRS_LI_LOAN_REPORT_RECON"           0 KB       0 rows
. . exported "PSAK413"."IFRS_LI_MASTER"                      0 KB       0 rows
. . exported "PSAK413"."IFRS_LI_MASTER_ACCOUNT"              0 KB       0 rows
. . exported "PSAK413"."IFRS_LI_MASTER_EXCEPTION"            0 KB       0 rows
. . exported "PSAK413"."IFRS_LI_MASTER_PAYMENT_SETTING"      0 KB       0 rows
. . exported "PSAK413"."IFRS_LI_NOMINATIF_MONTHLY"           0 KB       0 rows
. . exported "PSAK413"."IFRS_LI_NOMINATIF_TRS"               0 KB       0 rows
. . exported "PSAK413"."IFRS_LI_PAYM_CORE"                   0 KB       0 rows
. . exported "PSAK413"."IFRS_LI_PAYM_CORE_SRC"               0 KB       0 rows
. . exported "PSAK413"."IFRS_LI_PAYM_SCHD"                   0 KB       0 rows
. . exported "PSAK413"."IFRS_LI_PAYM_SCHD_ALL"               0 KB       0 rows
. . exported "PSAK413"."IFRS_LI_PAYM_SCHD_MTM"               0 KB       0 rows
. . exported "PSAK413"."IFRS_LI_PRC_DATE_AMORT"              0 KB       0 rows
. . exported "PSAK413"."IFRS_LI_PRODUCT_PARAM"               0 KB       0 rows
. . exported "PSAK413"."IFRS_LI_RETENTION"                   0 KB       0 rows
. . exported "PSAK413"."IFRS_LI_RETENTION_TEMP"              0 KB       0 rows
. . exported "PSAK413"."IFRS_LI_STAFF_BENEFIT_SUMM"          0 KB       0 rows
. . exported "PSAK413"."IFRS_LI_STG_MASTER_ACCOUNT"          0 KB       0 rows
. . exported "PSAK413"."IFRS_LI_STG_PAYM_SCHD"               0 KB       0 rows
. . exported "PSAK413"."IFRS_LI_STG_TRANSACTION_DAILY"       0 KB       0 rows
. . exported "PSAK413"."IFRS_LI_TRANSACTION_DAILY"           0 KB       0 rows
. . exported "PSAK413"."IFRS_LI_TRANSACTION_DAILY_REVERSAL"      0 KB       0 rows
. . exported "PSAK413"."IFRS_LI_TRANSACTION_PARAM"           0 KB       0 rows
. . exported "PSAK413"."IFRS_LOAN_REPORT_RECON"              0 KB       0 rows
. . exported "PSAK413"."IFRS_LOGS_PROCESS"                   0 KB       0 rows
. . exported "PSAK413"."IFRS_MACRO_ECONOMIC"                 0 KB       0 rows
. . exported "PSAK413"."IFRS_MACRO_ECONOMIC_INTRPOLATE"      0 KB       0 rows
. . exported "PSAK413"."IFRS_MACRO_ECONOMIC_MODEL"           0 KB       0 rows
. . exported "PSAK413"."IFRS_MACRO_ECONOMIC_MODEL_PEND"      0 KB       0 rows
. . exported "PSAK413"."IFRS_MACRO_ECONOMIC_MODEL_TEMP"      0 KB       0 rows
. . exported "PSAK413"."IFRS_MAPPING_EXTERNAL_RATING"        0 KB       0 rows
. . exported "PSAK413"."IFRS_MARKET_INT_RATE"                0 KB       0 rows
. . exported "PSAK413"."IFRS_MASTER_ACCOUNT"                 0 KB       0 rows
. . exported "PSAK413"."IFRS_MASTER_ACCOUNT_EXT"             0 KB       0 rows
. . exported "PSAK413"."IFRS_MASTER_ACCOUNT_MONTHLY"         0 KB       0 rows
. . exported "PSAK413"."IFRS_MASTER_ACCOUNT_MONTHLY_EXT"      0 KB       0 rows
. . exported "PSAK413"."IFRS_MASTER_ACCOUNT_OLD"             0 KB       0 rows
. . exported "PSAK413"."IFRS_MASTER_ACCOUNT_S_00000_0000"      0 KB       0 rows
. . exported "PSAK413"."IFRS_MASTER_BRANCH"                  0 KB       0 rows
. . exported "PSAK413"."IFRS_MASTER_COLLATERAL_CORP"         0 KB       0 rows
. . exported "PSAK413"."IFRS_MASTER_CUSTOMER"                0 KB       0 rows
. . exported "PSAK413"."IFRS_MASTER_CUSTOMER_RATING"         0 KB       0 rows
. . exported "PSAK413"."IFRS_MASTER_EXCEPTION"               0 KB       0 rows
. . exported "PSAK413"."IFRS_MASTER_EXCHANGE_RATE"           0 KB       0 rows
. . exported "PSAK413"."IFRS_MASTER_EXTERNAL_RATING"         0 KB       0 rows
. . exported "PSAK413"."IFRS_MASTER_FLAG_COVID"              0 KB       0 rows
. . exported "PSAK413"."IFRS_MASTER_ID"                      0 KB       0 rows
. . exported "PSAK413"."IFRS_MASTER_INIT_CUST_GRADE"         0 KB       0 rows
. . exported "PSAK413"."IFRS_MASTER_JOURNAL_PARAM"           0 KB       0 rows
. . exported "PSAK413"."IFRS_MASTER_LIMIT"                   0 KB       0 rows
. . exported "PSAK413"."IFRS_MASTER_LIMIT_CORP"              0 KB       0 rows
. . exported "PSAK413"."IFRS_MASTER_LIMIT_CORP_UPLOAD"       0 KB       0 rows
. . exported "PSAK413"."IFRS_MASTER_MARKETRATE_PARAM"        0 KB       0 rows
. . exported "PSAK413"."IFRS_MASTER_PARENT_LIMIT"            0 KB       0 rows
. . exported "PSAK413"."IFRS_MASTER_PAYMENT_SETTING"         0 KB       0 rows
. . exported "PSAK413"."IFRS_MASTER_PRODUCT_PARAM"           0 KB       0 rows
. . exported "PSAK413"."IFRS_MASTER_RESTRU_COLLECT"          0 KB       0 rows
. . exported "PSAK413"."IFRS_MASTER_RESTRU_COVID"            0 KB       0 rows
. . exported "PSAK413"."IFRS_MASTER_RESTRU_SIFAT"            0 KB       0 rows
. . exported "PSAK413"."IFRS_MASTER_SURVIVE"                 0 KB       0 rows
. . exported "PSAK413"."IFRS_MASTER_TRANS_PARAM"             0 KB       0 rows
. . exported "PSAK413"."IFRS_MASTER_TREASURY"                0 KB       0 rows
. . exported "PSAK413"."IFRS_MASTER_WO"                      0 KB       0 rows
. . exported "PSAK413"."IFRS_MASTER_WO_MB"                   0 KB       0 rows
. . exported "PSAK413"."IFRS_MASTER_WO_OLD"                  0 KB       0 rows
. . exported "PSAK413"."IFRS_MASTER_WO_RECOVERY"             0 KB       0 rows
. . exported "PSAK413"."IFRS_ME_COMPLETE"                    0 KB       0 rows
. . exported "PSAK413"."IFRS_ME_COMPLETE_DERIVED"            0 KB       0 rows
. . exported "PSAK413"."IFRS_ME_DERIVED_VARIABLE"            0 KB       0 rows
. . exported "PSAK413"."IFRS_ME_DERIVED_VARIABLE_TEMP"       0 KB       0 rows
. . exported "PSAK413"."IFRS_ME_FL_SCALAR_ACTUAL_ODR"        0 KB       0 rows
. . exported "PSAK413"."IFRS_ME_FL_SCALAR_MODELLED_ODR"      0 KB       0 rows
. . exported "PSAK413"."IFRS_ME_FL_SCALAR_RESULT"            0 KB       0 rows
. . exported "PSAK413"."IFRS_ME_FL_SELECTED"                 0 KB       0 rows
. . exported "PSAK413"."IFRS_ME_FORECAST"                    0 KB       0 rows
. . exported "PSAK413"."IFRS_ME_FORECAST_DETAIL"             0 KB       0 rows
. . exported "PSAK413"."IFRS_ME_FORECAST_DETAIL_HIST"        0 KB       0 rows
. . exported "PSAK413"."IFRS_ME_FORECAST_DETAIL_PEND"        0 KB       0 rows
. . exported "PSAK413"."IFRS_ME_FORECAST_DETAIL_TEMP"        0 KB       0 rows
. . exported "PSAK413"."IFRS_ME_FORECAST_HIST"               0 KB       0 rows
. . exported "PSAK413"."IFRS_ME_FORECAST_PEND"               0 KB       0 rows
. . exported "PSAK413"."IFRS_ME_FORECAST_SCN"                0 KB       0 rows
. . exported "PSAK413"."IFRS_ME_FORECAST_TEMP"               0 KB       0 rows
. . exported "PSAK413"."IFRS_ME_MODEL_CORRELATION"           0 KB       0 rows
. . exported "PSAK413"."IFRS_ME_MODEL_SCENARIO"              0 KB       0 rows
. . exported "PSAK413"."IFRS_ME_MODEL_VARCLUS_SUMM"          0 KB       0 rows
. . exported "PSAK413"."IFRS_ME_SCALAR_DETAIL"               0 KB       0 rows
. . exported "PSAK413"."IFRS_ME_SCALAR_DETAIL_PENDING"       0 KB       0 rows
. . exported "PSAK413"."IFRS_ME_SCALAR_HEADER"               0 KB       0 rows
. . exported "PSAK413"."IFRS_ME_SCALAR_HEADER_PENDING"       0 KB       0 rows
. . exported "PSAK413"."IFRS_MIGRATION_CIF"                  0 KB       0 rows
. . exported "PSAK413"."IFRS_MIGRATION_FACILITY_NUMBER"      0 KB       0 rows
. . exported "PSAK413"."IFRS_MODEL_FILTER_DTL"               0 KB       0 rows
. . exported "PSAK413"."IFRS_MPD_CHR_RESULT_YEARLY"          0 KB       0 rows
. . exported "PSAK413"."IFRS_MSTR_SEGMENT_RULES_DETAIL"      0 KB       0 rows
. . exported "PSAK413"."IFRS_MSTR_SEGMENT_RULES_HEADER"      0 KB       0 rows
. . exported "PSAK413"."IFRS_MULT_LINEAR_REGR_COEF"          0 KB       0 rows
. . exported "PSAK413"."IFRS_MULT_LINEAR_REGR_RESULT"        0 KB       0 rows
. . exported "PSAK413"."IFRS_MULT_LINEAR_REGR_RESULT_TEMP"      0 KB       0 rows
. . exported "PSAK413"."IFRS_MULT_LINEAR_REGR_STATS"         0 KB       0 rows
. . exported "PSAK413"."IFRS_NOMINATIF_MONTHLY"              0 KB       0 rows
. . exported "PSAK413"."IFRS_NOMINATIF_TRS"                  0 KB       0 rows
. . exported "PSAK413"."IFRS_OUTBOUND_FLAG"                  0 KB       0 rows
. . exported "PSAK413"."IFRS_PAYM_CORE"                      0 KB       0 rows
. . exported "PSAK413"."IFRS_PAYM_CORE_SRC"                  0 KB       0 rows
. . exported "PSAK413"."IFRS_PAYM_SCHD"                      0 KB       0 rows
. . exported "PSAK413"."IFRS_PAYM_SCHD_ALL"                  0 KB       0 rows
. . exported "PSAK413"."IFRS_PAYM_SCHD_MTM"                  0 KB       0 rows
. . exported "PSAK413"."IFRS_PD_CHR_BASE_DATA"               0 KB       0 rows
. . exported "PSAK413"."IFRS_PD_CHR_DATA"                    0 KB       0 rows
. . exported "PSAK413"."IFRS_PD_CHR_GAMMA_PARAM"             0 KB       0 rows
. . exported "PSAK413"."IFRS_PD_CHR_RESULT_YEARLY"           0 KB       0 rows
. . exported "PSAK413"."IFRS_PD_CHR_SUMM"                    0 KB       0 rows
. . exported "PSAK413"."IFRS_PD_EXTERNAL_MAPPING"            0 KB       0 rows
. . exported "PSAK413"."IFRS_PD_EXTERNAL_TREASURY"           0 KB       0 rows
. . exported "PSAK413"."IFRS_PD_FL_OVERRIDE"                 0 KB       0 rows
. . exported "PSAK413"."IFRS_PD_LINEST_SMOOTHING"            0 KB       0 rows
. . exported "PSAK413"."IFRS_PD_MAA_AVERAGE"                 0 KB       0 rows
. . exported "PSAK413"."IFRS_PD_MAA_CORP_AVERAGE"            0 KB       0 rows
. . exported "PSAK413"."IFRS_PD_MAA_CORP_DETAIL"             0 KB       0 rows
. . exported "PSAK413"."IFRS_PD_MAA_CORP_ENR"                0 KB       0 rows
. . exported "PSAK413"."IFRS_PD_MAA_CORP_EXTRAPOLATION"      0 KB       0 rows
. . exported "PSAK413"."IFRS_PD_MAA_CORP_FITTED"             0 KB       0 rows
. . exported "PSAK413"."IFRS_PD_MAA_CORP_MMULT"              0 KB       0 rows
. . exported "PSAK413"."IFRS_PD_MAA_CORP_RESULT"             0 KB       0 rows
. . exported "PSAK413"."IFRS_PD_MAA_ENR"                     0 KB       0 rows
. . exported "PSAK413"."IFRS_PD_MAA_ENR_SUM"                 0 KB       0 rows
. . exported "PSAK413"."IFRS_PD_MAA_ENR_SUM_S_00000_0000"      0 KB       0 rows
. . exported "PSAK413"."IFRS_PD_MAA_ENR_S_00000_0000"        0 KB       0 rows
. . exported "PSAK413"."IFRS_PD_MAA_FLOWRATE"                0 KB       0 rows
. . exported "PSAK413"."IFRS_PD_MAA_FLOWRATE_SMOOTH"         0 KB       0 rows
. . exported "PSAK413"."IFRS_PD_MAA_FLOWRATE_SMOOTH_S_00000_0000"      0 KB       0 rows
. . exported "PSAK413"."IFRS_PD_MAA_FLOWRATE_SUM"            0 KB       0 rows
. . exported "PSAK413"."IFRS_PD_MAA_FLOWRATE_SUM_S_00000_0000"      0 KB       0 rows
. . exported "PSAK413"."IFRS_PD_MAA_FLOWRATE_S_00000_0000"      0 KB       0 rows
. . exported "PSAK413"."IFRS_PD_MAA_MIGRATION_DETAIL"        0 KB       0 rows
. . exported "PSAK413"."IFRS_PD_MAA_MMULT"                   0 KB       0 rows
. . exported "PSAK413"."IFRS_PD_MAA_ODR"                     0 KB       0 rows
. . exported "PSAK413"."IFRS_PD_MAA_ODR_S_00000_0000"        0 KB       0 rows
. . exported "PSAK413"."IFRS_PD_MAA_RESULT"                  0 KB       0 rows
. . exported "PSAK413"."IFRS_PD_MASTERSCALE_CORP"            0 KB       0 rows
. . exported "PSAK413"."IFRS_PD_NFR_ENR"                     0 KB       0 rows
. . exported "PSAK413"."IFRS_PD_NFR_FLOWRATE"                0 KB       0 rows
. . exported "PSAK413"."IFRS_PD_NFR_FLOWTOLOSS"              0 KB       0 rows
. . exported "PSAK413"."IFRS_PD_NFR_RESULT"                  0 KB       0 rows
. . exported "PSAK413"."IFRS_PD_RULES_CONFIG"                0 KB       0 rows
. . exported "PSAK413"."IFRS_PD_RULES_CONFIG_OLD"            0 KB       0 rows
. . exported "PSAK413"."IFRS_PD_SCENARIO_DATA"               0 KB       0 rows
. . exported "PSAK413"."IFRS_PD_SCENARIO_DATA_NOLAG"         0 KB       0 rows
. . exported "PSAK413"."IFRS_PD_TERM_STRUCTURE"              0 KB       0 rows
. . exported "PSAK413"."IFRS_PD_TERM_STRUCTURE_NOFL"         0 KB       0 rows
. . exported "PSAK413"."IFRS_PD_TERM_STRUCTURE_NOFL_IMP"      0 KB       0 rows
. . exported "PSAK413"."IFRS_PD_TERM_STRUCTURE_NOFL_YEARLY"      0 KB       0 rows
. . exported "PSAK413"."IFRS_PD_TRANS_MATRIX_CONFIG"         0 KB       0 rows
. . exported "PSAK413"."IFRS_PD_VAS_ZSCORE"                  0 KB       0 rows
. . exported "PSAK413"."IFRS_PD_ZFAC"                        0 KB       0 rows
. . exported "PSAK413"."IFRS_PRC_DATE"                       0 KB       0 rows
. . exported "PSAK413"."IFRS_PRC_DATE_AMORT"                 0 KB       0 rows
. . exported "PSAK413"."IFRS_PRC_DATE_EIL"                   0 KB       0 rows
. . exported "PSAK413"."IFRS_PREPAYMENT_OVERRIDE"            0 KB       0 rows
. . exported "PSAK413"."IFRS_PREPAYMENT_RULES_CONFIG"        0 KB       0 rows
. . exported "PSAK413"."IFRS_PRODUCT_PARAM"                  0 KB       0 rows
. . exported "PSAK413"."IFRS_RECOVERY_CORP"                  0 KB       0 rows
. . exported "PSAK413"."IFRS_RECOVERY_RATE_TREASURY"         0 KB       0 rows
. . exported "PSAK413"."IFRS_RECOVERY_SCENARIO_DATA"         0 KB       0 rows
. . exported "PSAK413"."IFRS_RESULT_PREVIEW"                 0 KB       0 rows
. . exported "PSAK413"."IFRS_RUNNING_LOGS"                   0 KB       0 rows
. . exported "PSAK413"."IFRS_R_ADF_TEST_DTL"                 0 KB       0 rows
. . exported "PSAK413"."IFRS_R_TS_MODEL_ERROR"               0 KB       0 rows
. . exported "PSAK413"."IFRS_SBLC_PRORATE"                   0 KB       0 rows
. . exported "PSAK413"."IFRS_SBLC_PRORATE_OLD"               0 KB       0 rows
. . exported "PSAK413"."IFRS_SCENARIO_GENERATE_QUERY"        0 KB       0 rows
. . exported "PSAK413"."IFRS_SCENARIO_RULES_DETAIL"          0 KB       0 rows
. . exported "PSAK413"."IFRS_SCENARIO_RULES_HEADER"          0 KB       0 rows
. . exported "PSAK413"."IFRS_SCENARIO_SEGMENT_GENERATE_QUERY"      0 KB       0 rows
. . exported "PSAK413"."IFRS_SEGMENTATION_MAPPING"           0 KB       0 rows
. . exported "PSAK413"."IFRS_SEGMENT_EXPOSURE"               0 KB       0 rows
. . exported "PSAK413"."IFRS_SEGMENT_LOANS"                  0 KB       0 rows
. . exported "PSAK413"."IFRS_STAFF_BENEFIT_SUMM"             0 KB       0 rows
. . exported "PSAK413"."IFRS_STATISTIC"                      0 KB       0 rows
. . exported "PSAK413"."IFRS_STG_HOLIDAY"                    0 KB       0 rows
. . exported "PSAK413"."IFRS_STG_MASTER_ACCOUNT"             0 KB       0 rows
. . exported "PSAK413"."IFRS_STG_MASTER_ACCOUNT_TRSBND"      0 KB       0 rows
. . exported "PSAK413"."IFRS_STG_MASTER_ACCOUNT_TRSFX"       0 KB       0 rows
. . exported "PSAK413"."IFRS_STG_MASTER_ACCOUNT_TRSMM"       0 KB       0 rows
. . exported "PSAK413"."IFRS_STG_MASTER_ACCOUNT_TRSNCD"      0 KB       0 rows
. . exported "PSAK413"."IFRS_STG_MASTER_ACCOUNT_TRSREP"      0 KB       0 rows
. . exported "PSAK413"."IFRS_STG_PAYM_SCHD"                  0 KB       0 rows
. . exported "PSAK413"."IFRS_STG_TRANSACTION_DAILY"          0 KB       0 rows
. . exported "PSAK413"."IFRS_STG_TREASURY"                   0 KB       0 rows
. . exported "PSAK413"."IFRS_TMP_PAYM_SCHD"                  0 KB       0 rows
. . exported "PSAK413"."IFRS_TRANSACTION_DAILY"              0 KB       0 rows
. . exported "PSAK413"."IFRS_TRANSACTION_PARAM"              0 KB       0 rows
. . exported "PSAK413"."IFRS_TRX_FACILITY"                   0 KB       0 rows
. . exported "PSAK413"."IFRS_TRX_FACILITY_DETAIL"            0 KB       0 rows
. . exported "PSAK413"."IFRS_TRX_FACILITY_HEADER"            0 KB       0 rows
. . exported "PSAK413"."IFRS_TRX_FACILITY_HEADER_HIST"       0 KB       0 rows
. . exported "PSAK413"."IFRS_VARCLUS_CLUSTER_DTL"            0 KB       0 rows
. . exported "PSAK413"."IFRS_VARCLUS_CLUSTER_SUMM"           0 KB       0 rows
. . exported "PSAK413"."IFRS_WO_SCENARIO_DATA"               0 KB       0 rows
. . exported "PSAK413"."IMA"                                 0 KB       0 rows
. . exported "PSAK413"."IMA_CURR_IMP"                        0 KB       0 rows
. . exported "PSAK413"."IMA_CUSTOMER"                        0 KB       0 rows
. . exported "PSAK413"."IMA_CUST_DPD"                        0 KB       0 rows
. . exported "PSAK413"."LIST_WO_SKIP"                        0 KB       0 rows
. . exported "PSAK413"."MASTER_EIR_CHANGE_BRANCH"            0 KB       0 rows
. . exported "PSAK413"."MAX_DD"                              0 KB       0 rows
. . exported "PSAK413"."MAX_DD_SB"                           0 KB       0 rows
. . exported "PSAK413"."MAX_IMA_DATE"                        0 KB       0 rows
. . exported "PSAK413"."MAX_PD"                              0 KB       0 rows
. . exported "PSAK413"."MINUS_LIFETIME"                      0 KB       0 rows
. . exported "PSAK413"."MIR"                                 0 KB       0 rows
. . exported "PSAK413"."PAYM_SCHD_PPB"                       0 KB       0 rows
. . exported "PSAK413"."PD_INIT"                             0 KB       0 rows
. . exported "PSAK413"."PRODUCT_SEGMENT_PSAK55"              0 KB       0 rows
. . exported "PSAK413"."PSAK_BUCKET_DETAIL"                  0 KB       0 rows
. . exported "PSAK413"."PSAK_BUCKET_HEADER"                  0 KB       0 rows
. . exported "PSAK413"."PSAK_LOGS_PROCESS"                   0 KB       0 rows
. . exported "PSAK413"."PSAK_MASTER_ACCOUNT_MONTHLY"         0 KB       0 rows
. . exported "PSAK413"."PSAK_PD_MAA_FLOWRATE"                0 KB       0 rows
. . exported "PSAK413"."PSAK_PD_RULES_CONFIG"                0 KB       0 rows
. . exported "PSAK413"."PSAK_PRC_DATE"                       0 KB       0 rows
. . exported "PSAK413"."PSAK_RESULT_PREVIEW"                 0 KB       0 rows
. . exported "PSAK413"."PSAK_RUNNING_LOGS"                   0 KB       0 rows
. . exported "PSAK413"."SEGMENTATIONMAPPING"                 0 KB       0 rows
. . exported "PSAK413"."STG_ADDINFO_AMORTIZE"                0 KB       0 rows
. . exported "PSAK413"."STG_CIF"                             0 KB       0 rows
. . exported "PSAK413"."STG_N3L_UNDRAWN"                     0 KB       0 rows
. . exported "PSAK413"."STG_PSAK71"                          0 KB       0 rows
. . exported "PSAK413"."STG_TRX_PSAK71"                      0 KB       0 rows
. . exported "PSAK413"."STG_TRX_PSAK71_HISTORY"              0 KB       0 rows
. . exported "PSAK413"."STG_TRX_PSAK71_LOG"                  0 KB       0 rows
. . exported "PSAK413"."STG_TRX_PSAK71_REV"                  0 KB       0 rows
. . exported "PSAK413"."TABLENYA_ADAM"                       0 KB       0 rows
. . exported "PSAK413"."TBLM_APPROVALSETTING"                0 KB       0 rows
. . exported "PSAK413"."TBLM_BRANCHGROUPHEADER"              0 KB       0 rows
. . exported "PSAK413"."TBLM_COMMONCODEDETAIL"               0 KB       0 rows
. . exported "PSAK413"."TBLM_COMMONCODEHEADER"               0 KB       0 rows
. . exported "PSAK413"."TBLM_CURRENCY"                       0 KB       0 rows
. . exported "PSAK413"."TBLM_DOWNLOADDOCUMENT"               0 KB       0 rows
. . exported "PSAK413"."TBLM_DROPDOWNLIST"                   0 KB       0 rows
. . exported "PSAK413"."TBLM_JOBSACTIVATOR"                  0 KB       0 rows
. . exported "PSAK413"."TBLM_LOOKUP"                         0 KB       0 rows
. . exported "PSAK413"."TBLM_MACRO_ECONOMIC"                 0 KB       0 rows
. . exported "PSAK413"."TBLM_MAPPINGRULEDETAIL_NEW"          0 KB       0 rows
. . exported "PSAK413"."TBLM_MAPPINGRULEHEADER_NEW"          0 KB       0 rows
. . exported "PSAK413"."TBLM_MAPPING_RULE_SCREENGROUP"       0 KB       0 rows
. . exported "PSAK413"."TBLM_MAP_RULE_SCREENGROUP"           0 KB       0 rows
. . exported "PSAK413"."TBLM_MODULE"                         0 KB       0 rows
. . exported "PSAK413"."TBLM_PERIOD"                         0 KB       0 rows
. . exported "PSAK413"."TBLM_QUERYDATA"                      0 KB       0 rows
. . exported "PSAK413"."TBLM_QUERYFIELDSETTINGS"             0 KB       0 rows
. . exported "PSAK413"."TBLM_QUERYPARAMETER"                 0 KB       0 rows
. . exported "PSAK413"."TBLM_REPORTTO"                       0 KB       0 rows
. . exported "PSAK413"."TBLM_SCREEN"                         0 KB       0 rows
. . exported "PSAK413"."TBLM_SCREENGROUPDETAIL"              0 KB       0 rows
. . exported "PSAK413"."TBLM_SCREENGROUPHEADER"              0 KB       0 rows
. . exported "PSAK413"."TBLM_SCREEN_FAVORITE"                0 KB       0 rows
. . exported "PSAK413"."TBLM_SEQUENCE"                       0 KB       0 rows
. . exported "PSAK413"."TBLM_USER"                           0 KB       0 rows
. . exported "PSAK413"."TBLM_USERMODULE"                     0 KB       0 rows
. . exported "PSAK413"."TBLS_DATASOURCE"                     0 KB       0 rows
. . exported "PSAK413"."TBLS_GRIDCOLUMNS"                    0 KB       0 rows
. . exported "PSAK413"."TBLS_GRIDHEADER"                     0 KB       0 rows
. . exported "PSAK413"."TBLS_PIVOTCOLUMNS"                   0 KB       0 rows
. . exported "PSAK413"."TBLS_PIVOTCOLUMNSPARAM"              0 KB       0 rows
. . exported "PSAK413"."TBLS_PIVOTHEADER"                    0 KB       0 rows
. . exported "PSAK413"."TBLS_REPORTCOLUMNS"                  0 KB       0 rows
. . exported "PSAK413"."TBLS_REPORTCOLUMNSPARAM"             0 KB       0 rows
. . exported "PSAK413"."TBLS_REPORTHEADER"                   0 KB       0 rows
. . exported "PSAK413"."TBLT_ACTIVITYLOGS"                   0 KB       0 rows
. . exported "PSAK413"."TBLT_APPLICATIONLOG"                 0 KB       0 rows
. . exported "PSAK413"."TBLT_APPROVALDETAIL"                 0 KB       0 rows
. . exported "PSAK413"."TBLT_APPROVALHEADER"                 0 KB       0 rows
. . exported "PSAK413"."TBLT_AUDITTRAIL"                     0 KB       0 rows
. . exported "PSAK413"."TBLT_DOWNLOADFILE"                   0 KB       0 rows
. . exported "PSAK413"."TBLT_LOGEDINUSER"                    0 KB       0 rows
. . exported "PSAK413"."TBLT_LOGONACTIVITIES"                0 KB       0 rows
. . exported "PSAK413"."TBLT_PASSWORDHISTORY"                0 KB       0 rows
. . exported "PSAK413"."TBLT_PAYMENTEXPECTED"                0 KB       0 rows
. . exported "PSAK413"."TBLT_PAYMENTEXPECTEDH"               0 KB       0 rows
. . exported "PSAK413"."TBLT_PAYMENTEXPECTEDH_HIST"          0 KB       0 rows
. . exported "PSAK413"."TBLT_PAYMENTEXPECTEDH_PENDING"       0 KB       0 rows
. . exported "PSAK413"."TBLT_PAYMENTEXPECTEDH_TEMP"          0 KB       0 rows
. . exported "PSAK413"."TBLT_PAYMENTEXPECTEDMASTER"          0 KB       0 rows
. . exported "PSAK413"."TBLT_PAYMENTEXPECTED_HIST"           0 KB       0 rows
. . exported "PSAK413"."TBLT_PAYMENTEXPECTED_PENDING"        0 KB       0 rows
. . exported "PSAK413"."TBLT_PAYMENTEXPECTED_TEMP"           0 KB       0 rows
. . exported "PSAK413"."TBLT_SERVICEJOBSDETAIL"              0 KB       0 rows
. . exported "PSAK413"."TBLT_SERVICEJOBSHEADER"              0 KB       0 rows
. . exported "PSAK413"."TBLT_UNWINDING_WEIGHTED"             0 KB       0 rows
. . exported "PSAK413"."TBLT_UNWINDING_WEIGHTED_HIST"        0 KB       0 rows
. . exported "PSAK413"."TBLT_UNWINDING_WEIGHTED_PEND"        0 KB       0 rows
. . exported "PSAK413"."TBLT_UPLOAD_POOL"                    0 KB       0 rows
. . exported "PSAK413"."TBLU_ASSET_CLASSIFICATION_CORP"      0 KB       0 rows
. . exported "PSAK413"."TBLU_BTB_ACCOUNT"                    0 KB       0 rows
. . exported "PSAK413"."TBLU_CUSTOMER_GRADING"               0 KB       0 rows
. . exported "PSAK413"."TBLU_DATA_TREASURY"                  0 KB       0 rows
. . exported "PSAK413"."TBLU_DCF_DETAIL"                     0 KB       0 rows
. . exported "PSAK413"."TBLU_DCF_INFO"                       0 KB       0 rows
. . exported "PSAK413"."TBLU_DCF_MESSAGEERROR"               0 KB       0 rows
. . exported "PSAK413"."TBLU_DOC_TEMP_DETAIL"                0 KB       0 rows
. . exported "PSAK413"."TBLU_DOC_TEMP_EXCEPTION"             0 KB       0 rows
. . exported "PSAK413"."TBLU_DOC_TEMP_HEADER"                0 KB       0 rows
. . exported "PSAK413"."TBLU_EAD_CCF"                        0 KB       0 rows
. . exported "PSAK413"."TBLU_EIR_TEMP"                       0 KB       0 rows
. . exported "PSAK413"."TBLU_EXCLUSION"                      0 KB       0 rows
. . exported "PSAK413"."TBLU_EXCLUSION_CORP"                 0 KB       0 rows
. . exported "PSAK413"."TBLU_EXCLUSION_JENIUS"               0 KB       0 rows
. . exported "PSAK413"."TBLU_EXCLUSION_MB"                   0 KB       0 rows
. . exported "PSAK413"."TBLU_EXCLUSION_MUR"                  0 KB       0 rows
. . exported "PSAK413"."TBLU_EXCLUSION_PUR"                  0 KB       0 rows
. . exported "PSAK413"."TBLU_EXTERNAL_RATING"                0 KB       0 rows
. . exported "PSAK413"."TBLU_FACILITY_FEECOST"               0 KB       0 rows
. . exported "PSAK413"."TBLU_FACILITY_FEECOST_HIST"          0 KB       0 rows
. . exported "PSAK413"."TBLU_FACILITY_FEECOST_PENDING"       0 KB       0 rows
. . exported "PSAK413"."TBLU_FACILITY_FEECOST_TEMP"          0 KB       0 rows
. . exported "PSAK413"."TBLU_FEECOST_INFO"                   0 KB       0 rows
. . exported "PSAK413"."TBLU_FEECOST_MESSAGEERROR"           0 KB       0 rows
. . exported "PSAK413"."TBLU_IFRS_AMORT_FEECOST"             0 KB       0 rows
. . exported "PSAK413"."TBLU_IFRS_AMORT_FEECOST_HIST"        0 KB       0 rows
. . exported "PSAK413"."TBLU_IFRS_AMORT_FEECOST_PENDIN"      0 KB       0 rows
. . exported "PSAK413"."TBLU_IFRS_AMORT_FEECOST_TEMP"        0 KB       0 rows
. . exported "PSAK413"."TBLU_JUDGEMENT_RATING_TREASURY"      0 KB       0 rows
. . exported "PSAK413"."TBLU_LGD_EXTERNAL_RECOVERY"          0 KB       0 rows
. . exported "PSAK413"."TBLU_LGD_MASTER_RECOVERY"            0 KB       0 rows
. . exported "PSAK413"."TBLU_LIABILITIES_INFO"               0 KB       0 rows
. . exported "PSAK413"."TBLU_LIMIT_CORPORATE"                0 KB       0 rows
. . exported "PSAK413"."TBLU_MACRO_ECONOMIC_HIST"            0 KB       0 rows
. . exported "PSAK413"."TBLU_MACRO_ECONOMIC_INFO"            0 KB       0 rows
. . exported "PSAK413"."TBLU_MACRO_ECONOMIC_PENDING"         0 KB       0 rows
. . exported "PSAK413"."TBLU_MACRO_ECONOMIC_TEMP"            0 KB       0 rows
. . exported "PSAK413"."TBLU_MARKET_INT_RATE"                0 KB       0 rows
. . exported "PSAK413"."TBLU_ME_MESSAGEERROR"                0 KB       0 rows
. . exported "PSAK413"."TBLU_MOODYS_CORPORATE"               0 KB       0 rows
. . exported "PSAK413"."TBLU_MOODYS_SOVEREIGN"               0 KB       0 rows
. . exported "PSAK413"."TBLU_NOSTRO_SWIFTCODE"               0 KB       0 rows
. . exported "PSAK413"."TBLU_OVERRIDE_BICOLL_ACCOUNT"        0 KB       0 rows
. . exported "PSAK413"."TBLU_PD_EXTERNAL_PEFINDO"            0 KB       0 rows
. . exported "PSAK413"."TBLU_PD_EXTERNAL_SNP"                0 KB       0 rows
. . exported "PSAK413"."TBLU_PD_EXTERNAL_TREASURY"           0 KB       0 rows
. . exported "PSAK413"."TBLU_PD_MASTERSCALE"                 0 KB       0 rows
. . exported "PSAK413"."TBLU_PD_SNP_CORPORATE"               0 KB       0 rows
. . exported "PSAK413"."TBLU_PD_SNP_SOVEREIGN"               0 KB       0 rows
. . exported "PSAK413"."TBLU_RECOVERY"                       0 KB       0 rows
. . exported "PSAK413"."TBLU_RECOVERY_CF"                    0 KB       0 rows
. . exported "PSAK413"."TBLU_RECOVERY_JENIUS"                0 KB       0 rows
. . exported "PSAK413"."TBLU_RECOVERY_MB"                    0 KB       0 rows
. . exported "PSAK413"."TBLU_RECOVERY_RATE_TREASURY"         0 KB       0 rows
. . exported "PSAK413"."TBLU_RESTRU_COVID"                   0 KB       0 rows
. . exported "PSAK413"."TBLU_RETAIL_EAD"                     0 KB       0 rows
. . exported "PSAK413"."TBLU_RETAIL_LGD"                     0 KB       0 rows
. . exported "PSAK413"."TBLU_RETAIL_PD"                      0 KB       0 rows
. . exported "PSAK413"."TBLU_RETAIL_SEGMENT"                 0 KB       0 rows
. . exported "PSAK413"."TBLU_SURVIVE_FLAG"                   0 KB       0 rows
. . exported "PSAK413"."TBLU_SYNDICATION_UNAMORT_ACCOUNT"      0 KB       0 rows
. . exported "PSAK413"."TBLU_TM_MOODYS"                      0 KB       0 rows
. . exported "PSAK413"."TBLU_TRANS_ASSET"                    0 KB       0 rows
. . exported "PSAK413"."TBLU_TRANS_ASSET_EX"                 0 KB       0 rows
. . exported "PSAK413"."TBLU_TRANS_ASSET_HIST"               0 KB       0 rows
. . exported "PSAK413"."TBLU_TRANS_ASSET_PENDING"            0 KB       0 rows
. . exported "PSAK413"."TBLU_TRANS_ASSET_TEMP"               0 KB       0 rows
. . exported "PSAK413"."TBLU_TRANS_LIAB"                     0 KB       0 rows
. . exported "PSAK413"."TBLU_TRANS_LIAB_HIST"                0 KB       0 rows
. . exported "PSAK413"."TBLU_TRANS_LIAB_MESSAGEERROR"        0 KB       0 rows
. . exported "PSAK413"."TBLU_TRANS_LIAB_PENDING"             0 KB       0 rows
. . exported "PSAK413"."TBLU_TRANS_LIAB_TEMP"                0 KB       0 rows
. . exported "PSAK413"."TBLU_UPLOAD_TRANS_ASSET"             0 KB       0 rows
. . exported "PSAK413"."TBLU_WO_CF"                          0 KB       0 rows
. . exported "PSAK413"."TBLU_WO_JENIUS"                      0 KB       0 rows
. . exported "PSAK413"."TBLU_WO_MB"                          0 KB       0 rows
. . exported "PSAK413"."TEMP_GETDATE"                        0 KB       0 rows
. . exported "PSAK413"."TEMP_TFC"                            0 KB       0 rows
. . exported "PSAK413"."TMPRULE"                             0 KB       0 rows
. . exported "PSAK413"."TMP_ACCT"                            0 KB       0 rows
. . exported "PSAK413"."TMP_ACRU"                            0 KB       0 rows
. . exported "PSAK413"."TMP_ACRU2"                           0 KB       0 rows
. . exported "PSAK413"."TMP_AP"                              0 KB       0 rows
. . exported "PSAK413"."TMP_AVG_STDEV_ME"                    0 KB       0 rows
. . exported "PSAK413"."TMP_B1"                              0 KB       0 rows
. . exported "PSAK413"."TMP_B2"                              0 KB       0 rows
. . exported "PSAK413"."TMP_B3"                              0 KB       0 rows
. . exported "PSAK413"."TMP_BASE_MAA_MMULT"                  0 KB       0 rows
. . exported "PSAK413"."TMP_CCF_RULES_CONFIG"                0 KB       0 rows
. . exported "PSAK413"."TMP_CFID1"                           0 KB       0 rows
. . exported "PSAK413"."TMP_CFID2"                           0 KB       0 rows
. . exported "PSAK413"."TMP_COUNT_BUCKET"                    0 KB       0 rows
. . exported "PSAK413"."TMP_DM_LIMIT"                        0 KB       0 rows
. . exported "PSAK413"."TMP_ECF_ACT"                         0 KB       0 rows
. . exported "PSAK413"."TMP_ENR_CURR"                        0 KB       0 rows
. . exported "PSAK413"."TMP_ENR_MAA_BASE"                    0 KB       0 rows
. . exported "PSAK413"."TMP_EXTRAPOL"                        0 KB       0 rows
. . exported "PSAK413"."TMP_GROUP_BUCKET"                    0 KB       0 rows
. . exported "PSAK413"."TMP_GS1"                             0 KB       0 rows
. . exported "PSAK413"."TMP_GS2"                             0 KB       0 rows
. . exported "PSAK413"."TMP_GS3"                             0 KB       0 rows
. . exported "PSAK413"."TMP_IFRS_1MEVLM_RESULT_DTL"          0 KB       0 rows
. . exported "PSAK413"."TMP_IFRS_ACCT_STOP_REV"              0 KB       0 rows
. . exported "PSAK413"."TMP_IFRS_BACKTEST_INS_BUCKET_D"      0 KB       0 rows
. . exported "PSAK413"."TMP_IFRS_BACKTEST_INS_BUCK_AVG"      0 KB       0 rows
. . exported "PSAK413"."TMP_IFRS_BACKTEST_INS_BUCK_STA"      0 KB       0 rows
. . exported "PSAK413"."TMP_IFRS_BACKTEST_INS_DTL"           0 KB       0 rows
. . exported "PSAK413"."TMP_IFRS_BACKTEST_INS_ME_DTL"        0 KB       0 rows
. . exported "PSAK413"."TMP_IFRS_BACKTEST_INS_PORTF_D"       0 KB       0 rows
. . exported "PSAK413"."TMP_IFRS_BACKTEST_INS_PORT_STA"      0 KB       0 rows
. . exported "PSAK413"."TMP_IFRS_BACKTEST_IN_SAMPLE"         0 KB       0 rows
. . exported "PSAK413"."TMP_IFRS_BACKTEST_OOS_BUCKET_D"      0 KB       0 rows
. . exported "PSAK413"."TMP_IFRS_BACKTEST_OOS_BUCK_AVG"      0 KB       0 rows
. . exported "PSAK413"."TMP_IFRS_BACKTEST_OOS_BUCK_STA"      0 KB       0 rows
. . exported "PSAK413"."TMP_IFRS_BACKTEST_OOS_DTL"           0 KB       0 rows
. . exported "PSAK413"."TMP_IFRS_BACKTEST_OOS_ME_DTL"        0 KB       0 rows
. . exported "PSAK413"."TMP_IFRS_BACKTEST_OOS_PORTF_D"       0 KB       0 rows
. . exported "PSAK413"."TMP_IFRS_BACKTEST_OOS_PORT_STA"      0 KB       0 rows
. . exported "PSAK413"."TMP_IFRS_BACKTEST_OUT_SAMPLE"        0 KB       0 rows
. . exported "PSAK413"."TMP_IFRS_DEPENDENT_VARIABLE"         0 KB       0 rows
. . exported "PSAK413"."TMP_IFRS_ECL_IMA"                    0 KB       0 rows
. . exported "PSAK413"."TMP_IFRS_EIL_IMA"                    0 KB       0 rows
. . exported "PSAK413"."TMP_IFRS_EIL_IMA_COVID"              0 KB       0 rows
. . exported "PSAK413"."TMP_IFRS_EIL_IMA_DUMMY"              0 KB       0 rows
. . exported "PSAK413"."TMP_IFRS_INDEPENDENT_VARIABLE"       0 KB       0 rows
. . exported "PSAK413"."TMP_IFRS_LINREG_STATS"               0 KB       0 rows
. . exported "PSAK413"."TMP_IFRS_LINREG_VIF_DTL"             0 KB       0 rows
. . exported "PSAK413"."TMP_IFRS_MACRO_ECONOMIC_MODEL"       0 KB       0 rows
. . exported "PSAK413"."TMP_IFRS_MASTER_ACCOUNT_PD"          0 KB       0 rows
. . exported "PSAK413"."TMP_IFRS_ME_DERIVED_VARIABLE"        0 KB       0 rows
. . exported "PSAK413"."TMP_IFRS_ME_MODEL_SCENARIO"          0 KB       0 rows
. . exported "PSAK413"."TMP_IFRS_MODEL_FILTER_CORTEST"       0 KB       0 rows
. . exported "PSAK413"."TMP_IFRS_MODEL_FILTER_DTL"           0 KB       0 rows
. . exported "PSAK413"."TMP_IFRS_MODEL_FILTER_DTL_FULL"      0 KB       0 rows
. . exported "PSAK413"."TMP_IFRS_MULT_LINEAR_REGR_COEF"      0 KB       0 rows
. . exported "PSAK413"."TMP_IFRS_MULT_LINEAR_REGR_RESU"      0 KB       0 rows
. . exported "PSAK413"."TMP_IFRS_MULT_LINEAR_REGR_RSLT"      0 KB       0 rows
. . exported "PSAK413"."TMP_IFRS_ODR_DATA"                   0 KB       0 rows
. . exported "PSAK413"."TMP_IFRS_PD_CHR_BASE_DATA"           0 KB       0 rows
. . exported "PSAK413"."TMP_IFRS_PD_LIST_DATE"               0 KB       0 rows
. . exported "PSAK413"."TMP_IFRS_PD_MAA_CORP_DETAIL"         0 KB       0 rows
. . exported "PSAK413"."TMP_IFRS_PD_MAA_DETAIL"              0 KB       0 rows
. . exported "PSAK413"."TMP_IFRS_PD_SCENARIO_DATA"           0 KB       0 rows
. . exported "PSAK413"."TMP_IFRS_PD_SCENARIO_DATA_NOLAG"      0 KB       0 rows
. . exported "PSAK413"."TMP_IFRS_R_ADF_TEST_DTL"             0 KB       0 rows
. . exported "PSAK413"."TMP_IFRS_R_ADF_TEST_TS_DTL"          0 KB       0 rows
. . exported "PSAK413"."TMP_IFRS_R_ARIMA_MODEL_COEFF"        0 KB       0 rows
. . exported "PSAK413"."TMP_IFRS_R_ARIMA_MODEL_FCST"         0 KB       0 rows
. . exported "PSAK413"."TMP_IFRS_R_ARIMA_MODEL_STATS"        0 KB       0 rows
. . exported "PSAK413"."TMP_IFRS_R_TIMESERIES_MODEL"         0 KB       0 rows
. . exported "PSAK413"."TMP_IFRS_R_TIMESERIES_MODEL_ERROR"      0 KB       0 rows
. . exported "PSAK413"."TMP_IFRS_R_TS_MODEL_ERROR"           0 KB       0 rows
. . exported "PSAK413"."TMP_IFRS_SCN_GENERATE_QUERY"         0 KB       0 rows
. . exported "PSAK413"."TMP_IFRS_VARCLUS_CLUSTER_DTL"        0 KB       0 rows
. . exported "PSAK413"."TMP_IFRS_VARCLUS_CLUSTER_SUMM"       0 KB       0 rows
. . exported "PSAK413"."TMP_IFRS_ZFAC_RESULT_DTL"            0 KB       0 rows
. . exported "PSAK413"."TMP_JOURNAL"                         0 KB       0 rows
. . exported "PSAK413"."TMP_JOURNAL_PARAM"                   0 KB       0 rows
. . exported "PSAK413"."TMP_JRNL1"                           0 KB       0 rows
. . exported "PSAK413"."TMP_LAST_EIR_CF_PREV"                0 KB       0 rows
. . exported "PSAK413"."TMP_LAST_PAYM_DATE"                  0 KB       0 rows
. . exported "PSAK413"."TMP_LGD"                             0 KB       0 rows
. . exported "PSAK413"."TMP_LI_ACCT"                         0 KB       0 rows
. . exported "PSAK413"."TMP_LI_AP"                           0 KB       0 rows
. . exported "PSAK413"."TMP_LI_B1"                           0 KB       0 rows
. . exported "PSAK413"."TMP_LI_B2"                           0 KB       0 rows
. . exported "PSAK413"."TMP_LI_B3"                           0 KB       0 rows
. . exported "PSAK413"."TMP_LI_CFID1"                        0 KB       0 rows
. . exported "PSAK413"."TMP_LI_CFID2"                        0 KB       0 rows
. . exported "PSAK413"."TMP_LI_ECF_ACT"                      0 KB       0 rows
. . exported "PSAK413"."TMP_LI_GS1"                          0 KB       0 rows
. . exported "PSAK413"."TMP_LI_GS2"                          0 KB       0 rows
. . exported "PSAK413"."TMP_LI_GS3"                          0 KB       0 rows
. . exported "PSAK413"."TMP_LI_JOURNAL"                      0 KB       0 rows
. . exported "PSAK413"."TMP_LI_JOURNAL_PARAM"                0 KB       0 rows
. . exported "PSAK413"."TMP_LI_JRNL1"                        0 KB       0 rows
. . exported "PSAK413"."TMP_LI_LOAN_REPORT"                  0 KB       0 rows
. . exported "PSAK413"."TMP_LI_LOAN_REPORT_RECON"            0 KB       0 rows
. . exported "PSAK413"."TMP_LI_NOCF"                         0 KB       0 rows
. . exported "PSAK413"."TMP_LI_P1"                           0 KB       0 rows
. . exported "PSAK413"."TMP_LI_PAYM_FUNDING"                 0 KB       0 rows
. . exported "PSAK413"."TMP_LI_PY0"                          0 KB       0 rows
. . exported "PSAK413"."TMP_LI_PY1"                          0 KB       0 rows
. . exported "PSAK413"."TMP_LI_PY2"                          0 KB       0 rows
. . exported "PSAK413"."TMP_LI_PY3"                          0 KB       0 rows
. . exported "PSAK413"."TMP_LI_PY4"                          0 KB       0 rows
. . exported "PSAK413"."TMP_LI_PY5"                          0 KB       0 rows
. . exported "PSAK413"."TMP_LI_SCHD"                         0 KB       0 rows
. . exported "PSAK413"."TMP_LI_SCHEDULE_CURR"                0 KB       0 rows
. . exported "PSAK413"."TMP_LI_SCHEDULE_CURR_HIST"           0 KB       0 rows
. . exported "PSAK413"."TMP_LI_SCHEDULE_CURR_MTM_HIST"       0 KB       0 rows
. . exported "PSAK413"."TMP_LI_SCHEDULE_MAIN"                0 KB       0 rows
. . exported "PSAK413"."TMP_LI_SCHEDULE_MAIN_MTM"            0 KB       0 rows
. . exported "PSAK413"."TMP_LI_SCHEDULE_PREV"                0 KB       0 rows
. . exported "PSAK413"."TMP_LI_SCHEDULE_PREV_HIST"           0 KB       0 rows
. . exported "PSAK413"."TMP_LI_SCHEDULE_PREV_MTM_HIST"       0 KB       0 rows
. . exported "PSAK413"."TMP_LI_SCH_MAX"                      0 KB       0 rows
. . exported "PSAK413"."TMP_LI_SW0"                          0 KB       0 rows
. . exported "PSAK413"."TMP_LI_SW1"                          0 KB       0 rows
. . exported "PSAK413"."TMP_LI_SWSL1"                        0 KB       0 rows
. . exported "PSAK413"."TMP_LI_T1"                           0 KB       0 rows
. . exported "PSAK413"."TMP_LI_T10"                          0 KB       0 rows
. . exported "PSAK413"."TMP_LI_T11"                          0 KB       0 rows
. . exported "PSAK413"."TMP_LI_T12"                          0 KB       0 rows
. . exported "PSAK413"."TMP_LI_T13"                          0 KB       0 rows
. . exported "PSAK413"."TMP_LI_T14"                          0 KB       0 rows
. . exported "PSAK413"."TMP_LI_T2"                           0 KB       0 rows
. . exported "PSAK413"."TMP_LI_T3"                           0 KB       0 rows
. . exported "PSAK413"."TMP_LI_T5"                           0 KB       0 rows
. . exported "PSAK413"."TMP_LI_T6"                           0 KB       0 rows
. . exported "PSAK413"."TMP_LI_T7"                           0 KB       0 rows
. . exported "PSAK413"."TMP_LI_T8"                           0 KB       0 rows
. . exported "PSAK413"."TMP_LI_T9"                           0 KB       0 rows
. . exported "PSAK413"."TMP_LI_TC"                           0 KB       0 rows
. . exported "PSAK413"."TMP_LI_TF"                           0 KB       0 rows
. . exported "PSAK413"."TMP_LI_U1"                           0 KB       0 rows
. . exported "PSAK413"."TMP_LI_X"                            0 KB       0 rows
. . exported "PSAK413"."TMP_LI_X1"                           0 KB       0 rows
. . exported "PSAK413"."TMP_LI_X2"                           0 KB       0 rows
. . exported "PSAK413"."TMP_LOAN_REPORT"                     0 KB       0 rows
. . exported "PSAK413"."TMP_LOAN_REPORT_RECON"               0 KB       0 rows
. . exported "PSAK413"."TMP_LOGIT_ODR"                       0 KB       0 rows
. . exported "PSAK413"."TMP_LOGIT_ODR_S_00000_0000"          0 KB       0 rows
. . exported "PSAK413"."TMP_M"                               0 KB       0 rows
. . exported "PSAK413"."TMP_M0"                              0 KB       0 rows
. . exported "PSAK413"."TMP_M2"                              0 KB       0 rows
. . exported "PSAK413"."TMP_MARKETRATE"                      0 KB       0 rows
. . exported "PSAK413"."TMP_MEV"                             0 KB       0 rows
. . exported "PSAK413"."TMP_MMULT_MAX_BUCKET"                0 KB       0 rows
. . exported "PSAK413"."TMP_MX"                              0 KB       0 rows
. . exported "PSAK413"."TMP_NOCF"                            0 KB       0 rows
. . exported "PSAK413"."TMP_P1"                              0 KB       0 rows
. . exported "PSAK413"."TMP_PAYM_FUNDING"                    0 KB       0 rows
. . exported "PSAK413"."TMP_PD"                              0 KB       0 rows
. . exported "PSAK413"."TMP_PD_BASE"                         0 KB       0 rows
. . exported "PSAK413"."TMP_PD_BASE_S_00000_0000"            0 KB       0 rows
. . exported "PSAK413"."TMP_PD_BUCKET"                       0 KB       0 rows
. . exported "PSAK413"."TMP_PD_RESULT"                       0 KB       0 rows
. . exported "PSAK413"."TMP_PD_RESULT_S_00000_0000"          0 KB       0 rows
. . exported "PSAK413"."TMP_PD_TOTAL"                        0 KB       0 rows
. . exported "PSAK413"."TMP_PD_VAS_ZSCORE1"                  0 KB       0 rows
. . exported "PSAK413"."TMP_PY0"                             0 KB       0 rows
. . exported "PSAK413"."TMP_PY1"                             0 KB       0 rows
. . exported "PSAK413"."TMP_PY2"                             0 KB       0 rows
. . exported "PSAK413"."TMP_PY3"                             0 KB       0 rows
. . exported "PSAK413"."TMP_PY4"                             0 KB       0 rows
. . exported "PSAK413"."TMP_PY5"                             0 KB       0 rows
. . exported "PSAK413"."TMP_QRY"                             0 KB       0 rows
. . exported "PSAK413"."TMP_REV_PAIR"                        0 KB       0 rows
. . exported "PSAK413"."TMP_REV_PAIR2"                       0 KB       0 rows
. . exported "PSAK413"."TMP_SCHD"                            0 KB       0 rows
. . exported "PSAK413"."TMP_SCHD1"                           0 KB       0 rows
. . exported "PSAK413"."TMP_SCHD2"                           0 KB       0 rows
. . exported "PSAK413"."TMP_SCHEDULE_CURR"                   0 KB       0 rows
. . exported "PSAK413"."TMP_SCHEDULE_CURR_HIST"              0 KB       0 rows
. . exported "PSAK413"."TMP_SCHEDULE_CURR_MTM_HIST"          0 KB       0 rows
. . exported "PSAK413"."TMP_SCHEDULE_MAIN"                   0 KB       0 rows
. . exported "PSAK413"."TMP_SCHEDULE_MAIN_MTM"               0 KB       0 rows
. . exported "PSAK413"."TMP_SCHEDULE_PREV"                   0 KB       0 rows
. . exported "PSAK413"."TMP_SCHEDULE_PREV_HIST"              0 KB       0 rows
. . exported "PSAK413"."TMP_SCHEDULE_PREV_MTM_HIST"          0 KB       0 rows
. . exported "PSAK413"."TMP_SCH_MAX"                         0 KB       0 rows
. . exported "PSAK413"."TMP_SMOOTH"                          0 KB       0 rows
. . exported "PSAK413"."TMP_SMOOTHING_BASE"                  0 KB       0 rows
. . exported "PSAK413"."TMP_SMOOTHING_BASE_S_00000_0000"      0 KB       0 rows
. . exported "PSAK413"."TMP_SMOOTH_S_00000_0000"             0 KB       0 rows
. . exported "PSAK413"."TMP_STG_CIF_IFTH"                    0 KB       0 rows
. . exported "PSAK413"."TMP_STG_N3L_UNDRAWN"                 0 KB       0 rows
. . exported "PSAK413"."TMP_SW0"                             0 KB       0 rows
. . exported "PSAK413"."TMP_SW1"                             0 KB       0 rows
. . exported "PSAK413"."TMP_SWSL1"                           0 KB       0 rows
. . exported "PSAK413"."TMP_T1"                              0 KB       0 rows
. . exported "PSAK413"."TMP_T10"                             0 KB       0 rows
. . exported "PSAK413"."TMP_T11"                             0 KB       0 rows
. . exported "PSAK413"."TMP_T12"                             0 KB       0 rows
. . exported "PSAK413"."TMP_T13"                             0 KB       0 rows
. . exported "PSAK413"."TMP_T14"                             0 KB       0 rows
. . exported "PSAK413"."TMP_T2"                              0 KB       0 rows
. . exported "PSAK413"."TMP_T3"                              0 KB       0 rows
. . exported "PSAK413"."TMP_T5"                              0 KB       0 rows
. . exported "PSAK413"."TMP_T6"                              0 KB       0 rows
. . exported "PSAK413"."TMP_T7"                              0 KB       0 rows
. . exported "PSAK413"."TMP_T8"                              0 KB       0 rows
. . exported "PSAK413"."TMP_T9"                              0 KB       0 rows
. . exported "PSAK413"."TMP_TBLM_COMMONCODEHEADER"           0 KB       0 rows
. . exported "PSAK413"."TMP_TC"                              0 KB       0 rows
. . exported "PSAK413"."TMP_TF"                              0 KB       0 rows
. . exported "PSAK413"."TMP_TMP_LISTDATE"                    0 KB       0 rows
. . exported "PSAK413"."TMP_TODAYREV"                        0 KB       0 rows
. . exported "PSAK413"."TMP_TRANS"                           0 KB       0 rows
. . exported "PSAK413"."TMP_U1"                              0 KB       0 rows
. . exported "PSAK413"."TMP_X"                               0 KB       0 rows
. . exported "PSAK413"."TMP_X1"                              0 KB       0 rows
. . exported "PSAK413"."TMP_X2"                              0 KB       0 rows
. . exported "PSAK413"."TMP_YEST_UNAMORT"                    0 KB       0 rows
. . exported "PSAK413"."T_TRN_LOAN_VALUATION"                0 KB       0 rows
. . exported "PSAK413"."UPDATE_TMP_IFRS_EIL_IMA"             0 KB       0 rows
. . exported "PSAK413"."XIFRS_PD_RULES_CONFIG"               0 KB       0 rows
. . exported "PSAK413"."X_IFRS_MASTER_ACCOUNT_MONTHLY_SHU"      0 KB       0 rows
. . exported "PSAK413"."X_IFRS_MASTER_ACCOUNT_SHU"           0 KB       0 rows
Master table "SYSTEM"."SYS_EXPORT_SCHEMA_01" successfully loaded/unloaded
******************************************************************************
Dump file set for SYSTEM.SYS_EXPORT_SCHEMA_01 is:
  /opt/oracle/admin/REGLADEV/dpdump/47E47FDC04450A52E0630202110AA1B6/PSAK413_01012026_V2.dmp
Job "SYSTEM"."SYS_EXPORT_SCHEMA_01" successfully completed at Sun Jan 11 03:47:08 2026 elapsed 0 00:00:59
